27/02/2024 14:46:11 Level : INFO / Message : début pg / Méthode : lancerLog / Classe : com.michel.utilitaires.LancerLog
27/02/2024 14:46:45 Level : INFO / Message : début pg / Méthode : lancerLog / Classe : com.michel.utilitaires.LancerLog
27/02/2024 14:47:14 Level : INFO / Message : début pg / Méthode : lancerLog / Classe : com.michel.utilitaires.LancerLog
27/02/2024 14:48:06 Level : INFO / Message : début pg / Méthode : lancerLog / Classe : com.michel.utilitaires.LancerLog
27/02/2024 14:48:54 Level : INFO / Message : début pg / Méthode : lancerLog / Classe : com.michel.utilitaires.LancerLog
27/02/2024 14:49:46 Level : INFO / Message : début pg / Méthode : lancerLog / Classe : com.michel.utilitaires.LancerLog
27/02/2024 14:51:43 Level : INFO / Message : début pg / Méthode : lancerLog / Classe : com.michel.utilitaires.LancerLog
27/02/2024 14:53:01 Level : INFO / Message : début pg / Méthode : lancerLog / Classe : com.michel.utilitaires.LancerLog
27/02/2024 15:13:22 Level : INFO / Message : début pg / Méthode : lancerLog / Classe : com.michel.utilitaires.LancerLog
27/02/2024 15:16:07 Level : INFO / Message : début pg / Méthode : lancerLog / Classe : com.michel.utilitaires.LancerLog
27/02/2024 15:16:45 Level : INFO / Message : début pg / Méthode : lancerLog / Classe : com.michel.utilitaires.LancerLog
27/02/2024 15:17:06 Level : INFO / Message : début pg / Méthode : lancerLog / Classe : com.michel.utilitaires.LancerLog
27/02/2024 15:19:16 Level : INFO / Message : début pg / Méthode : lancerLog / Classe : com.michel.utilitaires.LancerLog
27/02/2024 15:19:27 Level : INFO / Message : début pg / Méthode : lancerLog / Classe : com.michel.utilitaires.LancerLog
27/02/2024 15:19:44 Level : INFO / Message : début pg / Méthode : lancerLog / Classe : com.michel.utilitaires.LancerLog
27/02/2024 15:20:57 Level : INFO / Message : début pg / Méthode : lancerLog / Classe : com.michel.utilitaires.LancerLog
27/02/2024 15:21:08 Level : INFO / Message : début pg / Méthode : lancerLog / Classe : com.michel.utilitaires.LancerLog
27/02/2024 15:21:58 Level : INFO / Message : début pg / Méthode : lancerLog / Classe : com.michel.utilitaires.LancerLog
27/02/2024 15:22:45 Level : INFO / Message : début pg / Méthode : lancerLog / Classe : com.michel.utilitaires.LancerLog
27/02/2024 15:26:59 Level : INFO / Message : début pg / Méthode : lancerLog / Classe : com.michel.utilitaires.LancerLog
27/02/2024 15:27:23 Level : INFO / Message : début pg / Méthode : lancerLog / Classe : com.michel.utilitaires.LancerLog
27/02/2024 15:27:29 Level : INFO / Message : début pg / Méthode : lancerLog / Classe : com.michel.utilitaires.LancerLog
27/02/2024 15:27:37 Level : INFO / Message : début pg / Méthode : lancerLog / Classe : com.michel.utilitaires.LancerLog
27/02/2024 15:35:04 Level : INFO / Message : début pg / Méthode : lancerLog / Classe : com.michel.utilitaires.LancerLog
27/02/2024 15:37:04 Level : INFO / Message : début pg / Méthode : lancerLog / Classe : com.michel.utilitaires.LancerLog
27/02/2024 15:45:48 Level : INFO / Message : début pg / Méthode : lancerLog / Classe : com.michel.utilitaires.LancerLog
27/02/2024 15:48:44 Level : INFO / Message : début pg / Méthode : lancerLog / Classe : com.michel.utilitaires.LancerLog
28/02/2024 08:38:42 Level : INFO / Message : début pg / Méthode : lancerLog / Classe : com.michel.utilitaires.LancerLog
28/02/2024 10:25:45 Level : INFO / Message : début pg / Méthode : lancerLog / Classe : com.michel.utilitaires.LancerLog
28/02/2024 10:25:45 Level : SEVERE / Message : problème ouverture BDD FileNotFoundExceptiondatabase.properties (Le fichier spécifié est introuvable) java.io.FileNotFoundException: database.properties (Le fichier spécifié est introuvable) / Méthode : <init> / Classe : com.michel.dao.DaoConnection
28/02/2024 10:26:25 Level : INFO / Message : début pg / Méthode : lancerLog / Classe : com.michel.utilitaires.LancerLog
28/02/2024 10:26:25 Level : SEVERE / Message : problème ouverture BDD FileNotFoundException..\database.properties (Le fichier spécifié est introuvable) java.io.FileNotFoundException: ..\database.properties (Le fichier spécifié est introuvable) / Méthode : <init> / Classe : com.michel.dao.DaoConnection
28/02/2024 10:29:04 Level : INFO / Message : début pg / Méthode : lancerLog / Classe : com.michel.utilitaires.LancerLog
28/02/2024 10:30:04 Level : SEVERE / Message : problème ouverture BDD SQLExceptionNo suitable driver found for jdbc:mysql://127.0.0.1/jdbc-test?serverTimezone=UTC java.sql.SQLException: No suitable driver found for jdbc:mysql://127.0.0.1/jdbc-test?serverTimezone=UTC / Méthode : <init> / Classe : com.michel.dao.DaoConnection
28/02/2024 10:30:06 Level : INFO / Message : début pg / Méthode : lancerLog / Classe : com.michel.utilitaires.LancerLog
28/02/2024 10:30:06 Level : SEVERE / Message : problème ouverture BDD SQLExceptionNo suitable driver found for jdbc:mysql://127.0.0.1/jdbc-test?serverTimezone=UTC java.sql.SQLException: No suitable driver found for jdbc:mysql://127.0.0.1/jdbc-test?serverTimezone=UTC / Méthode : <init> / Classe : com.michel.dao.DaoConnection
28/02/2024 10:38:45 Level : INFO / Message : début pg / Méthode : lancerLog / Classe : com.michel.utilitaires.LancerLog
28/02/2024 10:38:45 Level : SEVERE / Message : problème ouverture BDD SQLExceptionNo suitable driver found for jdbc:mysql://127.0.0.1/jdbc-test?serverTimezone=UTC java.sql.SQLException: No suitable driver found for jdbc:mysql://127.0.0.1/jdbc-test?serverTimezone=UTC / Méthode : <init> / Classe : com.michel.dao.DaoConnection
28/02/2024 10:39:42 Level : INFO / Message : début pg / Méthode : lancerLog / Classe : com.michel.utilitaires.LancerLog
28/02/2024 10:39:42 Level : SEVERE / Message : problème ouverture BDD SQLExceptionNo suitable driver found for jdbc:mysql://127.0.0.1/jdbc-test?serverTimezone=UTC java.sql.SQLException: No suitable driver found for jdbc:mysql://127.0.0.1/jdbc-test?serverTimezone=UTC / Méthode : <init> / Classe : com.michel.dao.DaoConnection
28/02/2024 10:41:53 Level : INFO / Message : début pg / Méthode : lancerLog / Classe : com.michel.utilitaires.LancerLog
28/02/2024 10:41:53 Level : INFO / Message : ouverture base de données / Méthode : <init> / Classe : com.michel.dao.DaoConnection
28/02/2024 10:53:46 Level : INFO / Message : début pg / Méthode : lancerLog / Classe : com.michel.utilitaires.LancerLog
28/02/2024 10:53:46 Level : INFO / Message : ouverture base de données / Méthode : <init> / Classe : com.michel.dao.DaoConnection
28/02/2024 10:55:45 Level : INFO / Message : début pg / Méthode : lancerLog / Classe : com.michel.utilitaires.LancerLog
28/02/2024 10:55:45 Level : INFO / Message : ouverture BDD / Méthode : <init> / Classe : com.michel.dao.DaoConnection
28/02/2024 10:57:45 Level : INFO / Message : début pg / Méthode : lancerLog / Classe : com.michel.utilitaires.LancerLog
28/02/2024 10:57:46 Level : INFO / Message : ouverture BDD / Méthode : <init> / Classe : com.michel.dao.DaoConnection
28/02/2024 11:00:14 Level : INFO / Message : début pg / Méthode : lancerLog / Classe : com.michel.utilitaires.LancerLog
28/02/2024 11:00:14 Level : INFO / Message : ouverture BDD / Méthode : <init> / Classe : com.michel.dao.DaoConnection
28/02/2024 11:00:14 Level : INFO / Message : fermeture BDD / Méthode : lambda$static$0 / Classe : com.michel.dao.DaoConnection
28/02/2024 11:40:09 Level : INFO / Message : début pg / Méthode : lancerLog / Classe : com.michel.utilitaires.LancerLog
28/02/2024 11:40:09 Level : INFO / Message : ouverture BDD / Méthode : <init> / Classe : com.michel.dao.DaoConnection
28/02/2024 11:41:23 Level : INFO / Message : début pg / Méthode : lancerLog / Classe : com.michel.utilitaires.LancerLog
28/02/2024 11:41:24 Level : INFO / Message : ouverture BDD / Méthode : <init> / Classe : com.michel.dao.DaoConnection
28/02/2024 11:41:24 Level : INFO / Message : fermeture BDD / Méthode : lambda$static$0 / Classe : com.michel.dao.DaoConnection
28/02/2024 11:41:29 Level : INFO / Message : début pg / Méthode : lancerLog / Classe : com.michel.utilitaires.LancerLog
28/02/2024 11:41:29 Level : INFO / Message : ouverture BDD / Méthode : <init> / Classe : com.michel.dao.DaoConnection
28/02/2024 11:41:55 Level : INFO / Message : fermeture BDD / Méthode : lambda$static$0 / Classe : com.michel.dao.DaoConnection
28/02/2024 11:41:56 Level : INFO / Message : début pg / Méthode : lancerLog / Classe : com.michel.utilitaires.LancerLog
28/02/2024 11:41:56 Level : INFO / Message : ouverture BDD / Méthode : <init> / Classe : com.michel.dao.DaoConnection
28/02/2024 11:53:20 Level : INFO / Message : fermeture BDD / Méthode : lambda$static$0 / Classe : com.michel.dao.DaoConnection
28/02/2024 11:53:25 Level : INFO / Message : début pg / Méthode : lancerLog / Classe : com.michel.utilitaires.LancerLog
28/02/2024 11:53:25 Level : INFO / Message : ouverture BDD / Méthode : <init> / Classe : com.michel.dao.DaoConnection
28/02/2024 11:53:25 Level : INFO / Message : fermeture BDD / Méthode : lambda$static$0 / Classe : com.michel.dao.DaoConnection
28/02/2024 11:58:06 Level : INFO / Message : début pg / Méthode : lancerLog / Classe : com.michel.utilitaires.LancerLog
28/02/2024 11:58:06 Level : INFO / Message : ouverture BDD / Méthode : <init> / Classe : com.michel.dao.DaoConnection
28/02/2024 11:58:06 Level : INFO / Message : fermeture BDD / Méthode : lambda$static$0 / Classe : com.michel.dao.DaoConnection
28/02/2024 12:02:44 Level : INFO / Message : début pg / Méthode : lancerLog / Classe : com.michel.utilitaires.LancerLog
28/02/2024 12:02:44 Level : INFO / Message : ouverture BDD / Méthode : <init> / Classe : com.michel.dao.DaoConnection
28/02/2024 12:02:44 Level : INFO / Message : fermeture BDD / Méthode : lambda$static$0 / Classe : com.michel.dao.DaoConnection
28/02/2024 12:03:10 Level : INFO / Message : début pg / Méthode : lancerLog / Classe : com.michel.utilitaires.LancerLog
28/02/2024 12:03:10 Level : INFO / Message : ouverture BDD / Méthode : <init> / Classe : com.michel.dao.DaoConnection
28/02/2024 12:03:10 Level : INFO / Message : fermeture BDD / Méthode : lambda$static$0 / Classe : com.michel.dao.DaoConnection
28/02/2024 13:54:38 Level : INFO / Message : début pg / Méthode : lancerLog / Classe : com.michel.utilitaires.LancerLog
28/02/2024 13:54:38 Level : INFO / Message : ouverture BDD / Méthode : <init> / Classe : com.michel.dao.DaoConnection
28/02/2024 13:55:21 Level : INFO / Message : début pg / Méthode : lancerLog / Classe : com.michel.utilitaires.LancerLog
28/02/2024 13:55:21 Level : INFO / Message : ouverture BDD / Méthode : <init> / Classe : com.michel.dao.DaoConnection
28/02/2024 13:55:21 Level : INFO / Message : fermeture BDD / Méthode : lambda$static$0 / Classe : com.michel.dao.DaoConnection
28/02/2024 13:56:08 Level : INFO / Message : début pg / Méthode : lancerLog / Classe : com.michel.utilitaires.LancerLog
28/02/2024 13:56:08 Level : INFO / Message : ouverture BDD / Méthode : <init> / Classe : com.michel.dao.DaoConnection
28/02/2024 13:57:15 Level : INFO / Message : début pg / Méthode : lancerLog / Classe : com.michel.utilitaires.LancerLog
28/02/2024 13:57:15 Level : INFO / Message : ouverture BDD / Méthode : <init> / Classe : com.michel.dao.DaoConnection
28/02/2024 13:57:16 Level : INFO / Message : fermeture BDD / Méthode : lambda$static$0 / Classe : com.michel.dao.DaoConnection
28/02/2024 13:57:42 Level : INFO / Message : début pg / Méthode : lancerLog / Classe : com.michel.utilitaires.LancerLog
28/02/2024 13:57:43 Level : INFO / Message : ouverture BDD / Méthode : <init> / Classe : com.michel.dao.DaoConnection
28/02/2024 13:58:20 Level : INFO / Message : fermeture BDD / Méthode : lambda$static$0 / Classe : com.michel.dao.DaoConnection
28/02/2024 13:59:26 Level : INFO / Message : début pg / Méthode : lancerLog / Classe : com.michel.utilitaires.LancerLog
28/02/2024 13:59:27 Level : INFO / Message : ouverture BDD / Méthode : <init> / Classe : com.michel.dao.DaoConnection
28/02/2024 13:59:27 Level : INFO / Message : fermeture BDD / Méthode : lambda$static$0 / Classe : com.michel.dao.DaoConnection
28/02/2024 14:45:18 Level : INFO / Message : début pg / Méthode : lancerLog / Classe : com.michel.utilitaires.LancerLog
28/02/2024 14:45:18 Level : INFO / Message : ouverture BDD / Méthode : <init> / Classe : com.michel.dao.DaoConnection
28/02/2024 14:45:18 Level : INFO / Message : fermeture BDD / Méthode : lambda$static$0 / Classe : com.michel.dao.DaoConnection
28/02/2024 14:45:43 Level : INFO / Message : début pg / Méthode : lancerLog / Classe : com.michel.utilitaires.LancerLog
28/02/2024 14:45:43 Level : INFO / Message : ouverture BDD / Méthode : <init> / Classe : com.michel.dao.DaoConnection
28/02/2024 14:45:51 Level : INFO / Message : début pg / Méthode : lancerLog / Classe : com.michel.utilitaires.LancerLog
28/02/2024 14:45:51 Level : INFO / Message : ouverture BDD / Méthode : <init> / Classe : com.michel.dao.DaoConnection
28/02/2024 14:47:28 Level : INFO / Message : début pg / Méthode : lancerLog / Classe : com.michel.utilitaires.LancerLog
28/02/2024 14:47:28 Level : INFO / Message : ouverture BDD / Méthode : <init> / Classe : com.michel.dao.DaoConnection
28/02/2024 14:47:28 Level : INFO / Message : fermeture BDD / Méthode : lambda$static$0 / Classe : com.michel.dao.DaoConnection
28/02/2024 14:47:37 Level : INFO / Message : début pg / Méthode : lancerLog / Classe : com.michel.utilitaires.LancerLog
28/02/2024 14:47:37 Level : INFO / Message : ouverture BDD / Méthode : <init> / Classe : com.michel.dao.DaoConnection
28/02/2024 14:47:37 Level : INFO / Message : fermeture BDD / Méthode : lambda$static$0 / Classe : com.michel.dao.DaoConnection
28/02/2024 16:10:58 Level : INFO / Message : début pg / Méthode : lancerLog / Classe : com.michel.utilitaires.LancerLog
28/02/2024 16:10:58 Level : INFO / Message : ouverture BDD / Méthode : <init> / Classe : com.michel.dao.DaoConnection
28/02/2024 16:13:02 Level : INFO / Message : début pg / Méthode : lancerLog / Classe : com.michel.utilitaires.LancerLog
28/02/2024 16:13:02 Level : INFO / Message : ouverture BDD / Méthode : <init> / Classe : com.michel.dao.DaoConnection
28/02/2024 16:13:02 Level : SEVERE / Message : problème lecture BDDStatement.executeQuery() cannot issue statements that do not produce result sets. java.sql.SQLException: Statement.executeQuery() cannot issue statements that do not produce result sets. / Méthode : creerAdresse / Classe : com.michel.dao.DaoAdresse
28/02/2024 16:13:02 Level : INFO / Message : fermeture BDD / Méthode : lambda$static$0 / Classe : com.michel.dao.DaoConnection
28/02/2024 16:15:18 Level : INFO / Message : début pg / Méthode : lancerLog / Classe : com.michel.utilitaires.LancerLog
28/02/2024 16:15:18 Level : INFO / Message : ouverture BDD / Méthode : <init> / Classe : com.michel.dao.DaoConnection
28/02/2024 16:15:18 Level : SEVERE / Message : problème lecture BDDStatement.executeQuery() cannot issue statements that do not produce result sets. java.sql.SQLException: Statement.executeQuery() cannot issue statements that do not produce result sets. / Méthode : creerAdresse / Classe : com.michel.dao.DaoAdresse
28/02/2024 16:15:18 Level : INFO / Message : fermeture BDD / Méthode : lambda$static$0 / Classe : com.michel.dao.DaoConnection
28/02/2024 16:15:30 Level : INFO / Message : début pg / Méthode : lancerLog / Classe : com.michel.utilitaires.LancerLog
28/02/2024 16:15:30 Level : INFO / Message : ouverture BDD / Méthode : <init> / Classe : com.michel.dao.DaoConnection
28/02/2024 16:18:05 Level : INFO / Message : fermeture BDD / Méthode : lambda$static$0 / Classe : com.michel.dao.DaoConnection
28/02/2024 16:18:08 Level : INFO / Message : début pg / Méthode : lancerLog / Classe : com.michel.utilitaires.LancerLog
28/02/2024 16:18:09 Level : INFO / Message : ouverture BDD / Méthode : <init> / Classe : com.michel.dao.DaoConnection
28/02/2024 16:19:45 Level : INFO / Message : début pg / Méthode : lancerLog / Classe : com.michel.utilitaires.LancerLog
28/02/2024 16:19:46 Level : INFO / Message : ouverture BDD / Méthode : <init> / Classe : com.michel.dao.DaoConnection
28/02/2024 16:20:15 Level : SEVERE / Message : problème lecture BDDStatement.executeQuery() cannot issue statements that do not produce result sets. java.sql.SQLException: Statement.executeQuery() cannot issue statements that do not produce result sets. / Méthode : creerAdresse / Classe : com.michel.dao.DaoAdresse
28/02/2024 16:21:28 Level : INFO / Message : fermeture BDD / Méthode : lambda$static$0 / Classe : com.michel.dao.DaoConnection
28/02/2024 16:21:30 Level : INFO / Message : début pg / Méthode : lancerLog / Classe : com.michel.utilitaires.LancerLog
28/02/2024 16:21:30 Level : INFO / Message : ouverture BDD / Méthode : <init> / Classe : com.michel.dao.DaoConnection
28/02/2024 16:22:14 Level : SEVERE / Message : problème lecture BDDStatement.executeQuery() cannot issue statements that do not produce result sets. java.sql.SQLException: Statement.executeQuery() cannot issue statements that do not produce result sets. / Méthode : creerAdresse / Classe : com.michel.dao.DaoAdresse
28/02/2024 16:23:01 Level : INFO / Message : début pg / Méthode : lancerLog / Classe : com.michel.utilitaires.LancerLog
28/02/2024 16:23:02 Level : INFO / Message : ouverture BDD / Méthode : <init> / Classe : com.michel.dao.DaoConnection
28/02/2024 16:23:24 Level : SEVERE / Message : problème lecture BDDStatement.executeQuery() cannot issue statements that do not produce result sets. java.sql.SQLException: Statement.executeQuery() cannot issue statements that do not produce result sets. / Méthode : creerAdresse / Classe : com.michel.dao.DaoAdresse
28/02/2024 16:24:29 Level : INFO / Message : fermeture BDD / Méthode : lambda$static$0 / Classe : com.michel.dao.DaoConnection
28/02/2024 16:24:31 Level : INFO / Message : début pg / Méthode : lancerLog / Classe : com.michel.utilitaires.LancerLog
28/02/2024 16:24:31 Level : INFO / Message : ouverture BDD / Méthode : <init> / Classe : com.michel.dao.DaoConnection
28/02/2024 16:25:33 Level : SEVERE / Message : problème lecture BDDStatement.executeQuery() cannot issue statements that do not produce result sets. java.sql.SQLException: Statement.executeQuery() cannot issue statements that do not produce result sets. / Méthode : creerAdresse / Classe : com.michel.dao.DaoAdresse
28/02/2024 16:31:38 Level : INFO / Message : fermeture BDD / Méthode : lambda$static$0 / Classe : com.michel.dao.DaoConnection
28/02/2024 16:31:39 Level : INFO / Message : début pg / Méthode : lancerLog / Classe : com.michel.utilitaires.LancerLog
28/02/2024 16:31:39 Level : INFO / Message : ouverture BDD / Méthode : <init> / Classe : com.michel.dao.DaoConnection
28/02/2024 16:32:28 Level : INFO / Message : fermeture BDD / Méthode : lambda$static$0 / Classe : com.michel.dao.DaoConnection
28/02/2024 16:35:13 Level : INFO / Message : début pg / Méthode : lancerLog / Classe : com.michel.utilitaires.LancerLog
28/02/2024 16:35:13 Level : INFO / Message : ouverture BDD / Méthode : <init> / Classe : com.michel.dao.DaoConnection
28/02/2024 16:35:13 Level : SEVERE / Message : problème lecture BDDStatement.executeQuery() cannot issue statements that do not produce result sets. java.sql.SQLException: Statement.executeQuery() cannot issue statements that do not produce result sets. / Méthode : creerAdresse / Classe : com.michel.dao.DaoAdresse
28/02/2024 16:35:13 Level : INFO / Message : fermeture BDD / Méthode : lambda$static$0 / Classe : com.michel.dao.DaoConnection
28/02/2024 16:36:46 Level : INFO / Message : début pg / Méthode : lancerLog / Classe : com.michel.utilitaires.LancerLog
28/02/2024 16:36:46 Level : INFO / Message : ouverture BDD / Méthode : <init> / Classe : com.michel.dao.DaoConnection
28/02/2024 16:36:47 Level : INFO / Message : fermeture BDD / Méthode : lambda$static$0 / Classe : com.michel.dao.DaoConnection
28/02/2024 16:37:58 Level : INFO / Message : début pg / Méthode : lancerLog / Classe : com.michel.utilitaires.LancerLog
28/02/2024 16:37:59 Level : INFO / Message : ouverture BDD / Méthode : <init> / Classe : com.michel.dao.DaoConnection
28/02/2024 16:38:30 Level : INFO / Message : début pg / Méthode : lancerLog / Classe : com.michel.utilitaires.LancerLog
28/02/2024 16:38:30 Level : INFO / Message : ouverture BDD / Méthode : <init> / Classe : com.michel.dao.DaoConnection
28/02/2024 16:38:30 Level : INFO / Message : fermeture BDD / Méthode : lambda$static$0 / Classe : com.michel.dao.DaoConnection
28/02/2024 16:49:45 Level : INFO / Message : début pg / Méthode : lancerLog / Classe : com.michel.utilitaires.LancerLog
28/02/2024 16:49:45 Level : INFO / Message : ouverture BDD / Méthode : <init> / Classe : com.michel.dao.DaoConnection
28/02/2024 16:50:27 Level : INFO / Message : début pg / Méthode : lancerLog / Classe : com.michel.utilitaires.LancerLog
28/02/2024 16:50:27 Level : INFO / Message : ouverture BDD / Méthode : <init> / Classe : com.michel.dao.DaoConnection
28/02/2024 16:50:27 Level : INFO / Message : fermeture BDD / Méthode : lambda$static$0 / Classe : com.michel.dao.DaoConnection
29/02/2024 11:16:19 Level : INFO / Message : début pg / Méthode : lancerLog / Classe : com.michel.utilitaires.LancerLog
29/02/2024 11:16:34 Level : INFO / Message : début pg / Méthode : lancerLog / Classe : com.michel.utilitaires.LancerLog
29/02/2024 11:18:20 Level : INFO / Message : début pg / Méthode : lancerLog / Classe : com.michel.utilitaires.LancerLog
29/02/2024 11:18:46 Level : INFO / Message : début pg / Méthode : lancerLog / Classe : com.michel.utilitaires.LancerLog
29/02/2024 11:19:16 Level : INFO / Message : début pg / Méthode : lancerLog / Classe : com.michel.utilitaires.LancerLog
29/02/2024 11:19:26 Level : INFO / Message : début pg / Méthode : lancerLog / Classe : com.michel.utilitaires.LancerLog
29/02/2024 11:19:37 Level : INFO / Message : début pg / Méthode : lancerLog / Classe : com.michel.utilitaires.LancerLog
29/02/2024 11:19:51 Level : INFO / Message : début pg / Méthode : lancerLog / Classe : com.michel.utilitaires.LancerLog
29/02/2024 11:19:58 Level : INFO / Message : début pg / Méthode : lancerLog / Classe : com.michel.utilitaires.LancerLog
29/02/2024 11:20:24 Level : INFO / Message : début pg / Méthode : lancerLog / Classe : com.michel.utilitaires.LancerLog
29/02/2024 11:20:24 Level : INFO / Message : ouverture BDD / Méthode : <init> / Classe : com.michel.dao.DaoConnection
29/02/2024 11:20:24 Level : SEVERE / Message : problème lecture BDDCannot add or update a child row: a foreign key constraint fails (`ecf_poo`.`client`, CONSTRAINT `FK_ASSOCIATION_5` FOREIGN KEY (`ID_SOCIETE`) REFERENCES `societe` (`ID_SOCIETE`)) java.sql.SQLIntegrityConstraintViolationException: Cannot add or update a child row: a foreign key constraint fails (`ecf_poo`.`client`, CONSTRAINT `FK_ASSOCIATION_5` FOREIGN KEY (`ID_SOCIETE`) REFERENCES `societe` (`ID_SOCIETE`)) / Méthode : createClient / Classe : com.michel.dao.DaoClient
29/02/2024 11:20:24 Level : INFO / Message : fermeture BDD / Méthode : lambda$static$0 / Classe : com.michel.dao.DaoConnection
29/02/2024 11:21:52 Level : INFO / Message : début pg / Méthode : lancerLog / Classe : com.michel.utilitaires.LancerLog
29/02/2024 11:22:14 Level : INFO / Message : ouverture BDD / Méthode : <init> / Classe : com.michel.dao.DaoConnection
29/02/2024 11:23:59 Level : INFO / Message : fermeture BDD / Méthode : lambda$static$0 / Classe : com.michel.dao.DaoConnection
29/02/2024 11:25:00 Level : INFO / Message : début pg / Méthode : lancerLog / Classe : com.michel.utilitaires.LancerLog
29/02/2024 11:25:01 Level : INFO / Message : ouverture BDD / Méthode : <init> / Classe : com.michel.dao.DaoConnection
29/02/2024 11:25:01 Level : SEVERE / Message : problème lecture BDDCannot add or update a child row: a foreign key constraint fails (`ecf_poo`.`societe`, CONSTRAINT `FK_SE_SITUER` FOREIGN KEY (`ID_ADRESSE`) REFERENCES `adresse` (`ID_ADRESSE`)) java.sql.SQLIntegrityConstraintViolationException: Cannot add or update a child row: a foreign key constraint fails (`ecf_poo`.`societe`, CONSTRAINT `FK_SE_SITUER` FOREIGN KEY (`ID_ADRESSE`) REFERENCES `adresse` (`ID_ADRESSE`)) / Méthode : createClient / Classe : com.michel.dao.DaoClient
29/02/2024 11:25:15 Level : INFO / Message : début pg / Méthode : lancerLog / Classe : com.michel.utilitaires.LancerLog
29/02/2024 11:25:21 Level : INFO / Message : ouverture BDD / Méthode : <init> / Classe : com.michel.dao.DaoConnection
29/02/2024 11:27:10 Level : SEVERE / Message : problème lecture BDDCannot add or update a child row: a foreign key constraint fails (`ecf_poo`.`societe`, CONSTRAINT `FK_SE_SITUER` FOREIGN KEY (`ID_ADRESSE`) REFERENCES `adresse` (`ID_ADRESSE`)) java.sql.SQLIntegrityConstraintViolationException: Cannot add or update a child row: a foreign key constraint fails (`ecf_poo`.`societe`, CONSTRAINT `FK_SE_SITUER` FOREIGN KEY (`ID_ADRESSE`) REFERENCES `adresse` (`ID_ADRESSE`)) / Méthode : createClient / Classe : com.michel.dao.DaoClient
29/02/2024 11:27:14 Level : INFO / Message : début pg / Méthode : lancerLog / Classe : com.michel.utilitaires.LancerLog
29/02/2024 11:27:14 Level : INFO / Message : ouverture BDD / Méthode : <init> / Classe : com.michel.dao.DaoConnection
29/02/2024 11:27:14 Level : INFO / Message : fermeture BDD / Méthode : lambda$static$0 / Classe : com.michel.dao.DaoConnection
29/02/2024 11:27:23 Level : INFO / Message : début pg / Méthode : lancerLog / Classe : com.michel.utilitaires.LancerLog
29/02/2024 11:27:23 Level : INFO / Message : ouverture BDD / Méthode : <init> / Classe : com.michel.dao.DaoConnection
29/02/2024 11:29:18 Level : INFO / Message : début pg / Méthode : lancerLog / Classe : com.michel.utilitaires.LancerLog
29/02/2024 11:29:18 Level : INFO / Message : ouverture BDD / Méthode : <init> / Classe : com.michel.dao.DaoConnection
29/02/2024 11:30:10 Level : INFO / Message : début pg / Méthode : lancerLog / Classe : com.michel.utilitaires.LancerLog
29/02/2024 11:30:11 Level : INFO / Message : ouverture BDD / Méthode : <init> / Classe : com.michel.dao.DaoConnection
29/02/2024 11:30:16 Level : INFO / Message : début pg / Méthode : lancerLog / Classe : com.michel.utilitaires.LancerLog
29/02/2024 11:30:16 Level : INFO / Message : ouverture BDD / Méthode : <init> / Classe : com.michel.dao.DaoConnection
29/02/2024 11:33:47 Level : INFO / Message : fermeture BDD / Méthode : lambda$static$0 / Classe : com.michel.dao.DaoConnection
29/02/2024 11:33:50 Level : INFO / Message : début pg / Méthode : lancerLog / Classe : com.michel.utilitaires.LancerLog
29/02/2024 11:33:50 Level : INFO / Message : ouverture BDD / Méthode : <init> / Classe : com.michel.dao.DaoConnection
29/02/2024 11:34:10 Level : INFO / Message : fermeture BDD / Méthode : lambda$static$0 / Classe : com.michel.dao.DaoConnection
29/02/2024 11:34:13 Level : INFO / Message : début pg / Méthode : lancerLog / Classe : com.michel.utilitaires.LancerLog
29/02/2024 11:34:13 Level : INFO / Message : ouverture BDD / Méthode : <init> / Classe : com.michel.dao.DaoConnection
29/02/2024 11:34:13 Level : INFO / Message : fermeture BDD / Méthode : lambda$static$0 / Classe : com.michel.dao.DaoConnection
29/02/2024 11:34:29 Level : INFO / Message : début pg / Méthode : lancerLog / Classe : com.michel.utilitaires.LancerLog
29/02/2024 11:34:29 Level : INFO / Message : ouverture BDD / Méthode : <init> / Classe : com.michel.dao.DaoConnection
29/02/2024 11:34:29 Level : INFO / Message : fermeture BDD / Méthode : lambda$static$0 / Classe : com.michel.dao.DaoConnection
29/02/2024 11:37:33 Level : INFO / Message : début pg / Méthode : lancerLog / Classe : com.michel.utilitaires.LancerLog
29/02/2024 11:37:33 Level : INFO / Message : ouverture BDD / Méthode : <init> / Classe : com.michel.dao.DaoConnection
29/02/2024 11:41:11 Level : INFO / Message : début pg / Méthode : lancerLog / Classe : com.michel.utilitaires.LancerLog
29/02/2024 11:41:11 Level : INFO / Message : ouverture BDD / Méthode : <init> / Classe : com.michel.dao.DaoConnection
29/02/2024 11:41:11 Level : INFO / Message : fermeture BDD / Méthode : lambda$static$0 / Classe : com.michel.dao.DaoConnection
29/02/2024 11:41:54 Level : INFO / Message : début pg / Méthode : lancerLog / Classe : com.michel.utilitaires.LancerLog
29/02/2024 11:41:54 Level : INFO / Message : ouverture BDD / Méthode : <init> / Classe : com.michel.dao.DaoConnection
29/02/2024 11:43:40 Level : INFO / Message : fermeture BDD / Méthode : lambda$static$0 / Classe : com.michel.dao.DaoConnection
29/02/2024 11:43:41 Level : INFO / Message : début pg / Méthode : lancerLog / Classe : com.michel.utilitaires.LancerLog
29/02/2024 11:43:41 Level : INFO / Message : ouverture BDD / Méthode : <init> / Classe : com.michel.dao.DaoConnection
29/02/2024 11:44:48 Level : INFO / Message : fermeture BDD / Méthode : lambda$static$0 / Classe : com.michel.dao.DaoConnection
29/02/2024 11:44:49 Level : INFO / Message : début pg / Méthode : lancerLog / Classe : com.michel.utilitaires.LancerLog
29/02/2024 11:44:49 Level : INFO / Message : ouverture BDD / Méthode : <init> / Classe : com.michel.dao.DaoConnection
29/02/2024 11:45:33 Level : INFO / Message : fermeture BDD / Méthode : lambda$static$0 / Classe : com.michel.dao.DaoConnection
29/02/2024 11:46:06 Level : INFO / Message : début pg / Méthode : lancerLog / Classe : com.michel.utilitaires.LancerLog
29/02/2024 11:46:06 Level : INFO / Message : ouverture BDD / Méthode : <init> / Classe : com.michel.dao.DaoConnection
29/02/2024 11:46:38 Level : INFO / Message : fermeture BDD / Méthode : lambda$static$0 / Classe : com.michel.dao.DaoConnection
29/02/2024 11:46:55 Level : INFO / Message : début pg / Méthode : lancerLog / Classe : com.michel.utilitaires.LancerLog
29/02/2024 11:46:55 Level : INFO / Message : ouverture BDD / Méthode : <init> / Classe : com.michel.dao.DaoConnection
29/02/2024 11:46:55 Level : INFO / Message : fermeture BDD / Méthode : lambda$static$0 / Classe : com.michel.dao.DaoConnection
29/02/2024 11:47:14 Level : INFO / Message : début pg / Méthode : lancerLog / Classe : com.michel.utilitaires.LancerLog
29/02/2024 11:47:15 Level : INFO / Message : ouverture BDD / Méthode : <init> / Classe : com.michel.dao.DaoConnection
29/02/2024 11:47:15 Level : INFO / Message : fermeture BDD / Méthode : lambda$static$0 / Classe : com.michel.dao.DaoConnection
29/02/2024 11:48:36 Level : INFO / Message : début pg / Méthode : lancerLog / Classe : com.michel.utilitaires.LancerLog
29/02/2024 11:48:37 Level : INFO / Message : ouverture BDD / Méthode : <init> / Classe : com.michel.dao.DaoConnection
29/02/2024 11:48:37 Level : INFO / Message : fermeture BDD / Méthode : lambda$static$0 / Classe : com.michel.dao.DaoConnection
29/02/2024 11:49:14 Level : INFO / Message : début pg / Méthode : lancerLog / Classe : com.michel.utilitaires.LancerLog
29/02/2024 11:49:14 Level : INFO / Message : ouverture BDD / Méthode : <init> / Classe : com.michel.dao.DaoConnection
29/02/2024 12:01:04 Level : INFO / Message : début pg / Méthode : lancerLog / Classe : com.michel.utilitaires.LancerLog
29/02/2024 12:01:04 Level : INFO / Message : ouverture BDD / Méthode : <init> / Classe : com.michel.dao.DaoConnection
29/02/2024 13:36:01 Level : INFO / Message : début pg / Méthode : lancerLog / Classe : com.michel.utilitaires.LancerLog
29/02/2024 13:41:14 Level : INFO / Message : début pg / Méthode : lancerLog / Classe : com.michel.utilitaires.LancerLog
29/02/2024 13:41:35 Level : INFO / Message : début pg / Méthode : lancerLog / Classe : com.michel.utilitaires.LancerLog
29/02/2024 13:44:57 Level : INFO / Message : début pg / Méthode : lancerLog / Classe : com.michel.utilitaires.LancerLog
29/02/2024 13:50:22 Level : INFO / Message : début pg / Méthode : lancerLog / Classe : com.michel.utilitaires.LancerLog
29/02/2024 13:53:32 Level : INFO / Message : début pg / Méthode : lancerLog / Classe : com.michel.utilitaires.LancerLog
29/02/2024 13:54:57 Level : INFO / Message : début pg / Méthode : lancerLog / Classe : com.michel.utilitaires.LancerLog
29/02/2024 13:57:49 Level : INFO / Message : début pg / Méthode : lancerLog / Classe : com.michel.utilitaires.LancerLog
29/02/2024 14:00:22 Level : INFO / Message : début pg / Méthode : lancerLog / Classe : com.michel.utilitaires.LancerLog
29/02/2024 14:01:03 Level : INFO / Message : début pg / Méthode : lancerLog / Classe : com.michel.utilitaires.LancerLog
29/02/2024 14:05:27 Level : INFO / Message : début pg / Méthode : lancerLog / Classe : com.michel.utilitaires.LancerLog
29/02/2024 14:08:07 Level : INFO / Message : début pg / Méthode : lancerLog / Classe : com.michel.utilitaires.LancerLog
29/02/2024 14:11:46 Level : INFO / Message : début pg / Méthode : lancerLog / Classe : com.michel.utilitaires.LancerLog
29/02/2024 14:14:23 Level : INFO / Message : début pg / Méthode : lancerLog / Classe : com.michel.utilitaires.LancerLog
29/02/2024 14:15:03 Level : INFO / Message : début pg / Méthode : lancerLog / Classe : com.michel.utilitaires.LancerLog
29/02/2024 14:15:52 Level : INFO / Message : début pg / Méthode : lancerLog / Classe : com.michel.utilitaires.LancerLog
29/02/2024 14:16:17 Level : INFO / Message : début pg / Méthode : lancerLog / Classe : com.michel.utilitaires.LancerLog
29/02/2024 14:16:39 Level : INFO / Message : début pg / Méthode : lancerLog / Classe : com.michel.utilitaires.LancerLog
29/02/2024 14:19:54 Level : INFO / Message : début pg / Méthode : lancerLog / Classe : com.michel.utilitaires.LancerLog
29/02/2024 14:20:40 Level : INFO / Message : début pg / Méthode : lancerLog / Classe : com.michel.utilitaires.LancerLog
29/02/2024 14:22:01 Level : INFO / Message : début pg / Méthode : lancerLog / Classe : com.michel.utilitaires.LancerLog
29/02/2024 14:22:55 Level : INFO / Message : début pg / Méthode : lancerLog / Classe : com.michel.utilitaires.LancerLog
29/02/2024 14:23:17 Level : INFO / Message : début pg / Méthode : lancerLog / Classe : com.michel.utilitaires.LancerLog
29/02/2024 14:23:40 Level : INFO / Message : début pg / Méthode : lancerLog / Classe : com.michel.utilitaires.LancerLog
29/02/2024 14:23:50 Level : INFO / Message : début pg / Méthode : lancerLog / Classe : com.michel.utilitaires.LancerLog
29/02/2024 14:24:05 Level : INFO / Message : début pg / Méthode : lancerLog / Classe : com.michel.utilitaires.LancerLog
29/02/2024 14:24:37 Level : INFO / Message : début pg / Méthode : lancerLog / Classe : com.michel.utilitaires.LancerLog
29/02/2024 14:24:57 Level : INFO / Message : début pg / Méthode : lancerLog / Classe : com.michel.utilitaires.LancerLog
29/02/2024 14:25:18 Level : INFO / Message : début pg / Méthode : lancerLog / Classe : com.michel.utilitaires.LancerLog
29/02/2024 14:26:03 Level : INFO / Message : début pg / Méthode : lancerLog / Classe : com.michel.utilitaires.LancerLog
29/02/2024 14:26:23 Level : INFO / Message : début pg / Méthode : lancerLog / Classe : com.michel.utilitaires.LancerLog
29/02/2024 14:26:40 Level : INFO / Message : début pg / Méthode : lancerLog / Classe : com.michel.utilitaires.LancerLog
29/02/2024 14:26:59 Level : INFO / Message : début pg / Méthode : lancerLog / Classe : com.michel.utilitaires.LancerLog
29/02/2024 14:27:12 Level : INFO / Message : début pg / Méthode : lancerLog / Classe : com.michel.utilitaires.LancerLog
29/02/2024 14:27:32 Level : INFO / Message : début pg / Méthode : lancerLog / Classe : com.michel.utilitaires.LancerLog
29/02/2024 14:27:44 Level : INFO / Message : début pg / Méthode : lancerLog / Classe : com.michel.utilitaires.LancerLog
29/02/2024 14:27:53 Level : INFO / Message : début pg / Méthode : lancerLog / Classe : com.michel.utilitaires.LancerLog
29/02/2024 14:28:18 Level : INFO / Message : début pg / Méthode : lancerLog / Classe : com.michel.utilitaires.LancerLog
29/02/2024 14:28:57 Level : INFO / Message : début pg / Méthode : lancerLog / Classe : com.michel.utilitaires.LancerLog
29/02/2024 14:29:08 Level : INFO / Message : début pg / Méthode : lancerLog / Classe : com.michel.utilitaires.LancerLog
29/02/2024 14:29:40 Level : INFO / Message : début pg / Méthode : lancerLog / Classe : com.michel.utilitaires.LancerLog
29/02/2024 14:30:26 Level : INFO / Message : début pg / Méthode : lancerLog / Classe : com.michel.utilitaires.LancerLog
29/02/2024 14:30:50 Level : INFO / Message : début pg / Méthode : lancerLog / Classe : com.michel.utilitaires.LancerLog
29/02/2024 14:30:57 Level : INFO / Message : début pg / Méthode : lancerLog / Classe : com.michel.utilitaires.LancerLog
29/02/2024 14:31:12 Level : INFO / Message : début pg / Méthode : lancerLog / Classe : com.michel.utilitaires.LancerLog
29/02/2024 14:31:19 Level : INFO / Message : début pg / Méthode : lancerLog / Classe : com.michel.utilitaires.LancerLog
29/02/2024 14:31:34 Level : INFO / Message : début pg / Méthode : lancerLog / Classe : com.michel.utilitaires.LancerLog
29/02/2024 14:32:51 Level : INFO / Message : début pg / Méthode : lancerLog / Classe : com.michel.utilitaires.LancerLog
29/02/2024 14:33:08 Level : INFO / Message : début pg / Méthode : lancerLog / Classe : com.michel.utilitaires.LancerLog
29/02/2024 14:33:20 Level : INFO / Message : début pg / Méthode : lancerLog / Classe : com.michel.utilitaires.LancerLog
29/02/2024 14:33:50 Level : INFO / Message : début pg / Méthode : lancerLog / Classe : com.michel.utilitaires.LancerLog
29/02/2024 14:34:11 Level : INFO / Message : début pg / Méthode : lancerLog / Classe : com.michel.utilitaires.LancerLog
29/02/2024 14:35:47 Level : INFO / Message : début pg / Méthode : lancerLog / Classe : com.michel.utilitaires.LancerLog
29/02/2024 14:36:27 Level : INFO / Message : début pg / Méthode : lancerLog / Classe : com.michel.utilitaires.LancerLog
29/02/2024 14:36:41 Level : INFO / Message : début pg / Méthode : lancerLog / Classe : com.michel.utilitaires.LancerLog
29/02/2024 14:36:56 Level : INFO / Message : début pg / Méthode : lancerLog / Classe : com.michel.utilitaires.LancerLog
29/02/2024 14:37:15 Level : INFO / Message : début pg / Méthode : lancerLog / Classe : com.michel.utilitaires.LancerLog
29/02/2024 14:37:34 Level : INFO / Message : début pg / Méthode : lancerLog / Classe : com.michel.utilitaires.LancerLog
29/02/2024 14:37:50 Level : INFO / Message : début pg / Méthode : lancerLog / Classe : com.michel.utilitaires.LancerLog
29/02/2024 14:38:11 Level : INFO / Message : début pg / Méthode : lancerLog / Classe : com.michel.utilitaires.LancerLog
29/02/2024 14:38:41 Level : INFO / Message : début pg / Méthode : lancerLog / Classe : com.michel.utilitaires.LancerLog
29/02/2024 14:39:21 Level : INFO / Message : début pg / Méthode : lancerLog / Classe : com.michel.utilitaires.LancerLog
29/02/2024 14:39:58 Level : INFO / Message : début pg / Méthode : lancerLog / Classe : com.michel.utilitaires.LancerLog
29/02/2024 14:40:34 Level : INFO / Message : début pg / Méthode : lancerLog / Classe : com.michel.utilitaires.LancerLog
29/02/2024 14:40:54 Level : INFO / Message : début pg / Méthode : lancerLog / Classe : com.michel.utilitaires.LancerLog
29/02/2024 14:41:56 Level : INFO / Message : début pg / Méthode : lancerLog / Classe : com.michel.utilitaires.LancerLog
29/02/2024 14:42:35 Level : INFO / Message : début pg / Méthode : lancerLog / Classe : com.michel.utilitaires.LancerLog
29/02/2024 14:48:00 Level : INFO / Message : début pg / Méthode : lancerLog / Classe : com.michel.utilitaires.LancerLog
29/02/2024 14:49:36 Level : INFO / Message : début pg / Méthode : lancerLog / Classe : com.michel.utilitaires.LancerLog
01/03/2024 11:34:22 Level : INFO / Message : début pg / Méthode : lancerLog / Classe : com.michel.utilitaires.LancerLog
01/03/2024 11:34:22 Level : INFO / Message : ouverture BDD / Méthode : <init> / Classe : com.michel.dao.DaoConnection
01/03/2024 11:34:53 Level : INFO / Message : début pg / Méthode : lancerLog / Classe : com.michel.utilitaires.LancerLog
01/03/2024 11:34:53 Level : INFO / Message : ouverture BDD / Méthode : <init> / Classe : com.michel.dao.DaoConnection
01/03/2024 11:34:53 Level : SEVERE / Message : problème lecture BDDNot unique table/alias: 'client' java.sql.SQLSyntaxErrorException: Not unique table/alias: 'client' / Méthode : raisonSociales / Classe : com.michel.dao.DaoSociete
01/03/2024 11:34:53 Level : INFO / Message : fermeture BDD / Méthode : lambda$static$0 / Classe : com.michel.dao.DaoConnection
01/03/2024 11:40:39 Level : INFO / Message : début pg / Méthode : lancerLog / Classe : com.michel.utilitaires.LancerLog
01/03/2024 11:40:39 Level : INFO / Message : ouverture BDD / Méthode : <init> / Classe : com.michel.dao.DaoConnection
01/03/2024 11:40:39 Level : INFO / Message : fermeture BDD / Méthode : lambda$static$0 / Classe : com.michel.dao.DaoConnection
01/03/2024 11:40:48 Level : INFO / Message : début pg / Méthode : lancerLog / Classe : com.michel.utilitaires.LancerLog
01/03/2024 11:40:48 Level : INFO / Message : ouverture BDD / Méthode : <init> / Classe : com.michel.dao.DaoConnection
01/03/2024 11:40:48 Level : INFO / Message : fermeture BDD / Méthode : lambda$static$0 / Classe : com.michel.dao.DaoConnection
01/03/2024 11:49:43 Level : INFO / Message : début pg / Méthode : lancerLog / Classe : com.michel.utilitaires.LancerLog
01/03/2024 11:49:44 Level : INFO / Message : ouverture BDD / Méthode : <init> / Classe : com.michel.dao.DaoConnection
01/03/2024 11:56:24 Level : INFO / Message : début pg / Méthode : lancerLog / Classe : com.michel.utilitaires.LancerLog
01/03/2024 11:56:24 Level : INFO / Message : ouverture BDD / Méthode : <init> / Classe : com.michel.dao.DaoConnection
01/03/2024 12:10:58 Level : INFO / Message : début pg / Méthode : lancerLog / Classe : com.michel.utilitaires.LancerLog
01/03/2024 12:10:58 Level : INFO / Message : ouverture BDD / Méthode : <init> / Classe : com.michel.dao.DaoConnection
01/03/2024 12:13:17 Level : INFO / Message : début pg / Méthode : lancerLog / Classe : com.michel.utilitaires.LancerLog
01/03/2024 12:13:17 Level : INFO / Message : ouverture BDD / Méthode : <init> / Classe : com.michel.dao.DaoConnection
01/03/2024 12:15:42 Level : INFO / Message : début pg / Méthode : lancerLog / Classe : com.michel.utilitaires.LancerLog
01/03/2024 12:15:42 Level : INFO / Message : ouverture BDD / Méthode : <init> / Classe : com.michel.dao.DaoConnection
01/03/2024 12:16:11 Level : INFO / Message : début pg / Méthode : lancerLog / Classe : com.michel.utilitaires.LancerLog
01/03/2024 12:16:11 Level : INFO / Message : ouverture BDD / Méthode : <init> / Classe : com.michel.dao.DaoConnection
01/03/2024 12:16:49 Level : INFO / Message : début pg / Méthode : lancerLog / Classe : com.michel.utilitaires.LancerLog
01/03/2024 12:16:50 Level : INFO / Message : ouverture BDD / Méthode : <init> / Classe : com.michel.dao.DaoConnection
01/03/2024 12:19:17 Level : INFO / Message : début pg / Méthode : lancerLog / Classe : com.michel.utilitaires.LancerLog
01/03/2024 12:19:17 Level : INFO / Message : ouverture BDD / Méthode : <init> / Classe : com.michel.dao.DaoConnection
01/03/2024 12:22:04 Level : INFO / Message : début pg / Méthode : lancerLog / Classe : com.michel.utilitaires.LancerLog
01/03/2024 12:22:04 Level : INFO / Message : ouverture BDD / Méthode : <init> / Classe : com.michel.dao.DaoConnection
01/03/2024 12:23:19 Level : INFO / Message : début pg / Méthode : lancerLog / Classe : com.michel.utilitaires.LancerLog
01/03/2024 12:23:19 Level : INFO / Message : ouverture BDD / Méthode : <init> / Classe : com.michel.dao.DaoConnection
01/03/2024 12:23:25 Level : INFO / Message : fermeture BDD / Méthode : lambda$static$0 / Classe : com.michel.dao.DaoConnection
01/03/2024 12:30:37 Level : INFO / Message : début pg / Méthode : lancerLog / Classe : com.michel.utilitaires.LancerLog
01/03/2024 12:30:37 Level : INFO / Message : ouverture BDD / Méthode : <init> / Classe : com.michel.dao.DaoConnection
01/03/2024 12:30:44 Level : INFO / Message : fermeture BDD / Méthode : lambda$static$0 / Classe : com.michel.dao.DaoConnection
01/03/2024 12:32:32 Level : INFO / Message : début pg / Méthode : lancerLog / Classe : com.michel.utilitaires.LancerLog
01/03/2024 12:32:32 Level : INFO / Message : ouverture BDD / Méthode : <init> / Classe : com.michel.dao.DaoConnection
01/03/2024 12:33:00 Level : INFO / Message : fermeture BDD / Méthode : lambda$static$0 / Classe : com.michel.dao.DaoConnection
01/03/2024 12:35:01 Level : INFO / Message : début pg / Méthode : lancerLog / Classe : com.michel.utilitaires.LancerLog
01/03/2024 12:35:02 Level : INFO / Message : ouverture BDD / Méthode : <init> / Classe : com.michel.dao.DaoConnection
01/03/2024 12:37:49 Level : INFO / Message : début pg / Méthode : lancerLog / Classe : com.michel.utilitaires.LancerLog
01/03/2024 12:37:50 Level : INFO / Message : ouverture BDD / Méthode : <init> / Classe : com.michel.dao.DaoConnection
01/03/2024 12:40:24 Level : INFO / Message : début pg / Méthode : lancerLog / Classe : com.michel.utilitaires.LancerLog
01/03/2024 12:40:24 Level : INFO / Message : ouverture BDD / Méthode : <init> / Classe : com.michel.dao.DaoConnection
01/03/2024 12:44:29 Level : INFO / Message : début pg / Méthode : lancerLog / Classe : com.michel.utilitaires.LancerLog
01/03/2024 12:44:29 Level : INFO / Message : ouverture BDD / Méthode : <init> / Classe : com.michel.dao.DaoConnection
01/03/2024 12:45:46 Level : INFO / Message : début pg / Méthode : lancerLog / Classe : com.michel.utilitaires.LancerLog
01/03/2024 12:45:46 Level : INFO / Message : ouverture BDD / Méthode : <init> / Classe : com.michel.dao.DaoConnection
01/03/2024 12:48:34 Level : INFO / Message : début pg / Méthode : lancerLog / Classe : com.michel.utilitaires.LancerLog
01/03/2024 12:48:35 Level : INFO / Message : ouverture BDD / Méthode : <init> / Classe : com.michel.dao.DaoConnection
01/03/2024 12:48:59 Level : INFO / Message : fermeture BDD / Méthode : lambda$static$0 / Classe : com.michel.dao.DaoConnection
01/03/2024 12:49:38 Level : INFO / Message : début pg / Méthode : lancerLog / Classe : com.michel.utilitaires.LancerLog
01/03/2024 12:49:38 Level : INFO / Message : ouverture BDD / Méthode : <init> / Classe : com.michel.dao.DaoConnection
01/03/2024 12:50:09 Level : INFO / Message : fermeture BDD / Méthode : lambda$static$0 / Classe : com.michel.dao.DaoConnection
01/03/2024 12:50:50 Level : INFO / Message : début pg / Méthode : lancerLog / Classe : com.michel.utilitaires.LancerLog
01/03/2024 12:50:50 Level : INFO / Message : ouverture BDD / Méthode : <init> / Classe : com.michel.dao.DaoConnection
01/03/2024 12:51:05 Level : INFO / Message : fermeture BDD / Méthode : lambda$static$0 / Classe : com.michel.dao.DaoConnection
01/03/2024 12:52:33 Level : INFO / Message : début pg / Méthode : lancerLog / Classe : com.michel.utilitaires.LancerLog
01/03/2024 12:52:33 Level : INFO / Message : ouverture BDD / Méthode : <init> / Classe : com.michel.dao.DaoConnection
01/03/2024 13:39:31 Level : INFO / Message : début pg / Méthode : lancerLog / Classe : com.michel.utilitaires.LancerLog
01/03/2024 13:39:31 Level : INFO / Message : ouverture BDD / Méthode : <init> / Classe : com.michel.dao.DaoConnection
01/03/2024 13:40:12 Level : INFO / Message : début pg / Méthode : lancerLog / Classe : com.michel.utilitaires.LancerLog
01/03/2024 13:40:12 Level : INFO / Message : ouverture BDD / Méthode : <init> / Classe : com.michel.dao.DaoConnection
01/03/2024 13:40:24 Level : INFO / Message : fermeture BDD / Méthode : lambda$static$0 / Classe : com.michel.dao.DaoConnection
01/03/2024 13:40:35 Level : INFO / Message : début pg / Méthode : lancerLog / Classe : com.michel.utilitaires.LancerLog
01/03/2024 13:40:35 Level : INFO / Message : ouverture BDD / Méthode : <init> / Classe : com.michel.dao.DaoConnection
01/03/2024 13:41:15 Level : INFO / Message : début pg / Méthode : lancerLog / Classe : com.michel.utilitaires.LancerLog
01/03/2024 13:41:15 Level : INFO / Message : ouverture BDD / Méthode : <init> / Classe : com.michel.dao.DaoConnection
01/03/2024 13:42:00 Level : INFO / Message : début pg / Méthode : lancerLog / Classe : com.michel.utilitaires.LancerLog
01/03/2024 13:42:01 Level : INFO / Message : ouverture BDD / Méthode : <init> / Classe : com.michel.dao.DaoConnection
01/03/2024 13:43:35 Level : INFO / Message : début pg / Méthode : lancerLog / Classe : com.michel.utilitaires.LancerLog
01/03/2024 13:43:35 Level : INFO / Message : ouverture BDD / Méthode : <init> / Classe : com.michel.dao.DaoConnection
01/03/2024 13:44:15 Level : INFO / Message : début pg / Méthode : lancerLog / Classe : com.michel.utilitaires.LancerLog
01/03/2024 13:44:15 Level : INFO / Message : ouverture BDD / Méthode : <init> / Classe : com.michel.dao.DaoConnection
01/03/2024 13:46:05 Level : INFO / Message : début pg / Méthode : lancerLog / Classe : com.michel.utilitaires.LancerLog
01/03/2024 13:46:05 Level : INFO / Message : ouverture BDD / Méthode : <init> / Classe : com.michel.dao.DaoConnection
01/03/2024 13:47:59 Level : INFO / Message : début pg / Méthode : lancerLog / Classe : com.michel.utilitaires.LancerLog
01/03/2024 13:47:59 Level : INFO / Message : ouverture BDD / Méthode : <init> / Classe : com.michel.dao.DaoConnection
01/03/2024 13:49:42 Level : INFO / Message : début pg / Méthode : lancerLog / Classe : com.michel.utilitaires.LancerLog
01/03/2024 13:49:43 Level : INFO / Message : ouverture BDD / Méthode : <init> / Classe : com.michel.dao.DaoConnection
01/03/2024 13:50:03 Level : INFO / Message : fermeture BDD / Méthode : lambda$static$0 / Classe : com.michel.dao.DaoConnection
01/03/2024 13:50:17 Level : INFO / Message : début pg / Méthode : lancerLog / Classe : com.michel.utilitaires.LancerLog
01/03/2024 13:50:18 Level : INFO / Message : ouverture BDD / Méthode : <init> / Classe : com.michel.dao.DaoConnection
01/03/2024 13:51:12 Level : INFO / Message : début pg / Méthode : lancerLog / Classe : com.michel.utilitaires.LancerLog
01/03/2024 13:51:12 Level : INFO / Message : ouverture BDD / Méthode : <init> / Classe : com.michel.dao.DaoConnection
01/03/2024 13:51:20 Level : INFO / Message : fermeture BDD / Méthode : lambda$static$0 / Classe : com.michel.dao.DaoConnection
01/03/2024 13:51:51 Level : INFO / Message : début pg / Méthode : lancerLog / Classe : com.michel.utilitaires.LancerLog
01/03/2024 13:51:51 Level : INFO / Message : ouverture BDD / Méthode : <init> / Classe : com.michel.dao.DaoConnection
01/03/2024 13:53:01 Level : INFO / Message : début pg / Méthode : lancerLog / Classe : com.michel.utilitaires.LancerLog
01/03/2024 13:53:02 Level : INFO / Message : ouverture BDD / Méthode : <init> / Classe : com.michel.dao.DaoConnection
01/03/2024 13:53:13 Level : INFO / Message : fermeture BDD / Méthode : lambda$static$0 / Classe : com.michel.dao.DaoConnection
01/03/2024 13:53:37 Level : INFO / Message : début pg / Méthode : lancerLog / Classe : com.michel.utilitaires.LancerLog
01/03/2024 13:53:37 Level : INFO / Message : ouverture BDD / Méthode : <init> / Classe : com.michel.dao.DaoConnection
01/03/2024 14:00:37 Level : INFO / Message : début pg / Méthode : lancerLog / Classe : com.michel.utilitaires.LancerLog
01/03/2024 14:00:38 Level : INFO / Message : ouverture BDD / Méthode : <init> / Classe : com.michel.dao.DaoConnection
01/03/2024 14:00:50 Level : INFO / Message : fermeture BDD / Méthode : lambda$static$0 / Classe : com.michel.dao.DaoConnection
01/03/2024 14:01:03 Level : INFO / Message : début pg / Méthode : lancerLog / Classe : com.michel.utilitaires.LancerLog
01/03/2024 14:01:03 Level : INFO / Message : ouverture BDD / Méthode : <init> / Classe : com.michel.dao.DaoConnection
01/03/2024 14:01:15 Level : INFO / Message : fermeture BDD / Méthode : lambda$static$0 / Classe : com.michel.dao.DaoConnection
01/03/2024 14:04:30 Level : INFO / Message : début pg / Méthode : lancerLog / Classe : com.michel.utilitaires.LancerLog
01/03/2024 14:04:30 Level : INFO / Message : ouverture BDD / Méthode : <init> / Classe : com.michel.dao.DaoConnection
01/03/2024 14:05:18 Level : INFO / Message : début pg / Méthode : lancerLog / Classe : com.michel.utilitaires.LancerLog
01/03/2024 14:05:18 Level : INFO / Message : ouverture BDD / Méthode : <init> / Classe : com.michel.dao.DaoConnection
01/03/2024 14:05:38 Level : INFO / Message : début pg / Méthode : lancerLog / Classe : com.michel.utilitaires.LancerLog
01/03/2024 14:05:39 Level : INFO / Message : ouverture BDD / Méthode : <init> / Classe : com.michel.dao.DaoConnection
01/03/2024 14:05:48 Level : INFO / Message : fermeture BDD / Méthode : lambda$static$0 / Classe : com.michel.dao.DaoConnection
01/03/2024 14:07:28 Level : INFO / Message : début pg / Méthode : lancerLog / Classe : com.michel.utilitaires.LancerLog
01/03/2024 14:07:29 Level : INFO / Message : ouverture BDD / Méthode : <init> / Classe : com.michel.dao.DaoConnection
01/03/2024 14:07:34 Level : INFO / Message : fermeture BDD / Méthode : lambda$static$0 / Classe : com.michel.dao.DaoConnection
01/03/2024 14:08:06 Level : INFO / Message : début pg / Méthode : lancerLog / Classe : com.michel.utilitaires.LancerLog
01/03/2024 14:08:06 Level : INFO / Message : ouverture BDD / Méthode : <init> / Classe : com.michel.dao.DaoConnection
01/03/2024 14:08:20 Level : INFO / Message : début pg / Méthode : lancerLog / Classe : com.michel.utilitaires.LancerLog
01/03/2024 14:08:20 Level : INFO / Message : ouverture BDD / Méthode : <init> / Classe : com.michel.dao.DaoConnection
01/03/2024 14:08:26 Level : INFO / Message : fermeture BDD / Méthode : lambda$static$0 / Classe : com.michel.dao.DaoConnection
01/03/2024 14:11:05 Level : INFO / Message : début pg / Méthode : lancerLog / Classe : com.michel.utilitaires.LancerLog
01/03/2024 14:11:05 Level : INFO / Message : ouverture BDD / Méthode : <init> / Classe : com.michel.dao.DaoConnection
01/03/2024 14:11:23 Level : INFO / Message : fermeture BDD / Méthode : lambda$static$0 / Classe : com.michel.dao.DaoConnection
01/03/2024 14:11:34 Level : INFO / Message : début pg / Méthode : lancerLog / Classe : com.michel.utilitaires.LancerLog
01/03/2024 14:11:35 Level : INFO / Message : ouverture BDD / Méthode : <init> / Classe : com.michel.dao.DaoConnection
01/03/2024 14:11:42 Level : INFO / Message : fermeture BDD / Méthode : lambda$static$0 / Classe : com.michel.dao.DaoConnection
01/03/2024 14:11:47 Level : INFO / Message : début pg / Méthode : lancerLog / Classe : com.michel.utilitaires.LancerLog
01/03/2024 14:11:47 Level : INFO / Message : ouverture BDD / Méthode : <init> / Classe : com.michel.dao.DaoConnection
01/03/2024 14:14:28 Level : INFO / Message : début pg / Méthode : lancerLog / Classe : com.michel.utilitaires.LancerLog
01/03/2024 14:14:28 Level : INFO / Message : ouverture BDD / Méthode : <init> / Classe : com.michel.dao.DaoConnection
01/03/2024 14:15:15 Level : INFO / Message : début pg / Méthode : lancerLog / Classe : com.michel.utilitaires.LancerLog
01/03/2024 14:15:15 Level : INFO / Message : ouverture BDD / Méthode : <init> / Classe : com.michel.dao.DaoConnection
01/03/2024 14:15:26 Level : INFO / Message : fermeture BDD / Méthode : lambda$static$0 / Classe : com.michel.dao.DaoConnection
01/03/2024 14:15:42 Level : INFO / Message : début pg / Méthode : lancerLog / Classe : com.michel.utilitaires.LancerLog
01/03/2024 14:15:42 Level : INFO / Message : ouverture BDD / Méthode : <init> / Classe : com.michel.dao.DaoConnection
01/03/2024 14:16:10 Level : INFO / Message : début pg / Méthode : lancerLog / Classe : com.michel.utilitaires.LancerLog
01/03/2024 14:16:10 Level : INFO / Message : ouverture BDD / Méthode : <init> / Classe : com.michel.dao.DaoConnection
01/03/2024 14:17:03 Level : INFO / Message : début pg / Méthode : lancerLog / Classe : com.michel.utilitaires.LancerLog
01/03/2024 14:17:04 Level : INFO / Message : ouverture BDD / Méthode : <init> / Classe : com.michel.dao.DaoConnection
01/03/2024 14:20:28 Level : INFO / Message : début pg / Méthode : lancerLog / Classe : com.michel.utilitaires.LancerLog
01/03/2024 14:20:28 Level : INFO / Message : ouverture BDD / Méthode : <init> / Classe : com.michel.dao.DaoConnection
01/03/2024 14:20:34 Level : INFO / Message : fermeture BDD / Méthode : lambda$static$0 / Classe : com.michel.dao.DaoConnection
01/03/2024 14:21:16 Level : INFO / Message : début pg / Méthode : lancerLog / Classe : com.michel.utilitaires.LancerLog
01/03/2024 14:21:16 Level : INFO / Message : ouverture BDD / Méthode : <init> / Classe : com.michel.dao.DaoConnection
01/03/2024 14:22:32 Level : INFO / Message : début pg / Méthode : lancerLog / Classe : com.michel.utilitaires.LancerLog
01/03/2024 14:22:32 Level : INFO / Message : ouverture BDD / Méthode : <init> / Classe : com.michel.dao.DaoConnection
01/03/2024 14:22:54 Level : INFO / Message : début pg / Méthode : lancerLog / Classe : com.michel.utilitaires.LancerLog
01/03/2024 14:22:55 Level : INFO / Message : ouverture BDD / Méthode : <init> / Classe : com.michel.dao.DaoConnection
01/03/2024 14:23:42 Level : INFO / Message : début pg / Méthode : lancerLog / Classe : com.michel.utilitaires.LancerLog
01/03/2024 14:23:42 Level : INFO / Message : ouverture BDD / Méthode : <init> / Classe : com.michel.dao.DaoConnection
01/03/2024 14:23:52 Level : INFO / Message : fermeture BDD / Méthode : lambda$static$0 / Classe : com.michel.dao.DaoConnection
01/03/2024 14:24:24 Level : INFO / Message : début pg / Méthode : lancerLog / Classe : com.michel.utilitaires.LancerLog
01/03/2024 14:24:24 Level : INFO / Message : ouverture BDD / Méthode : <init> / Classe : com.michel.dao.DaoConnection
01/03/2024 14:26:07 Level : INFO / Message : début pg / Méthode : lancerLog / Classe : com.michel.utilitaires.LancerLog
01/03/2024 14:26:07 Level : INFO / Message : ouverture BDD / Méthode : <init> / Classe : com.michel.dao.DaoConnection
01/03/2024 14:26:45 Level : INFO / Message : début pg / Méthode : lancerLog / Classe : com.michel.utilitaires.LancerLog
01/03/2024 14:26:45 Level : INFO / Message : ouverture BDD / Méthode : <init> / Classe : com.michel.dao.DaoConnection
01/03/2024 14:27:08 Level : INFO / Message : début pg / Méthode : lancerLog / Classe : com.michel.utilitaires.LancerLog
01/03/2024 14:27:08 Level : INFO / Message : ouverture BDD / Méthode : <init> / Classe : com.michel.dao.DaoConnection
01/03/2024 14:28:06 Level : INFO / Message : début pg / Méthode : lancerLog / Classe : com.michel.utilitaires.LancerLog
01/03/2024 14:28:06 Level : INFO / Message : ouverture BDD / Méthode : <init> / Classe : com.michel.dao.DaoConnection
01/03/2024 14:28:37 Level : INFO / Message : début pg / Méthode : lancerLog / Classe : com.michel.utilitaires.LancerLog
01/03/2024 14:28:38 Level : INFO / Message : ouverture BDD / Méthode : <init> / Classe : com.michel.dao.DaoConnection
01/03/2024 14:31:34 Level : INFO / Message : début pg / Méthode : lancerLog / Classe : com.michel.utilitaires.LancerLog
01/03/2024 14:31:34 Level : INFO / Message : ouverture BDD / Méthode : <init> / Classe : com.michel.dao.DaoConnection
01/03/2024 14:31:52 Level : INFO / Message : début pg / Méthode : lancerLog / Classe : com.michel.utilitaires.LancerLog
01/03/2024 14:31:52 Level : INFO / Message : ouverture BDD / Méthode : <init> / Classe : com.michel.dao.DaoConnection
01/03/2024 14:32:29 Level : INFO / Message : début pg / Méthode : lancerLog / Classe : com.michel.utilitaires.LancerLog
01/03/2024 14:32:29 Level : INFO / Message : ouverture BDD / Méthode : <init> / Classe : com.michel.dao.DaoConnection
01/03/2024 14:34:05 Level : INFO / Message : début pg / Méthode : lancerLog / Classe : com.michel.utilitaires.LancerLog
01/03/2024 14:34:05 Level : INFO / Message : ouverture BDD / Méthode : <init> / Classe : com.michel.dao.DaoConnection
01/03/2024 14:34:48 Level : INFO / Message : début pg / Méthode : lancerLog / Classe : com.michel.utilitaires.LancerLog
01/03/2024 14:34:48 Level : INFO / Message : ouverture BDD / Méthode : <init> / Classe : com.michel.dao.DaoConnection
01/03/2024 14:35:52 Level : INFO / Message : début pg / Méthode : lancerLog / Classe : com.michel.utilitaires.LancerLog
01/03/2024 14:35:52 Level : INFO / Message : ouverture BDD / Méthode : <init> / Classe : com.michel.dao.DaoConnection
01/03/2024 14:40:56 Level : INFO / Message : début pg / Méthode : lancerLog / Classe : com.michel.utilitaires.LancerLog
01/03/2024 14:40:56 Level : INFO / Message : ouverture BDD / Méthode : <init> / Classe : com.michel.dao.DaoConnection
01/03/2024 14:43:20 Level : INFO / Message : fermeture BDD / Méthode : lambda$static$0 / Classe : com.michel.dao.DaoConnection
01/03/2024 14:44:46 Level : INFO / Message : début pg / Méthode : lancerLog / Classe : com.michel.utilitaires.LancerLog
01/03/2024 14:44:47 Level : INFO / Message : ouverture BDD / Méthode : <init> / Classe : com.michel.dao.DaoConnection
01/03/2024 14:45:31 Level : INFO / Message : début pg / Méthode : lancerLog / Classe : com.michel.utilitaires.LancerLog
01/03/2024 14:45:32 Level : INFO / Message : ouverture BDD / Méthode : <init> / Classe : com.michel.dao.DaoConnection
01/03/2024 14:47:09 Level : INFO / Message : début pg / Méthode : lancerLog / Classe : com.michel.utilitaires.LancerLog
01/03/2024 14:47:09 Level : INFO / Message : ouverture BDD / Méthode : <init> / Classe : com.michel.dao.DaoConnection
01/03/2024 14:52:23 Level : INFO / Message : début pg / Méthode : lancerLog / Classe : com.michel.utilitaires.LancerLog
01/03/2024 14:52:23 Level : INFO / Message : ouverture BDD / Méthode : <init> / Classe : com.michel.dao.DaoConnection
01/03/2024 14:52:26 Level : INFO / Message : fermeture BDD / Méthode : lambda$static$0 / Classe : com.michel.dao.DaoConnection
01/03/2024 14:52:29 Level : INFO / Message : début pg / Méthode : lancerLog / Classe : com.michel.utilitaires.LancerLog
01/03/2024 14:52:29 Level : INFO / Message : ouverture BDD / Méthode : <init> / Classe : com.michel.dao.DaoConnection
01/03/2024 14:52:35 Level : INFO / Message : début pg / Méthode : lancerLog / Classe : com.michel.utilitaires.LancerLog
01/03/2024 14:52:35 Level : INFO / Message : ouverture BDD / Méthode : <init> / Classe : com.michel.dao.DaoConnection
01/03/2024 14:54:08 Level : INFO / Message : fermeture BDD / Méthode : lambda$static$0 / Classe : com.michel.dao.DaoConnection
01/03/2024 14:55:20 Level : INFO / Message : début pg / Méthode : lancerLog / Classe : com.michel.utilitaires.LancerLog
01/03/2024 14:55:20 Level : INFO / Message : ouverture BDD / Méthode : <init> / Classe : com.michel.dao.DaoConnection
01/03/2024 14:55:27 Level : INFO / Message : fermeture BDD / Méthode : lambda$static$0 / Classe : com.michel.dao.DaoConnection
01/03/2024 14:58:30 Level : INFO / Message : début pg / Méthode : lancerLog / Classe : com.michel.utilitaires.LancerLog
01/03/2024 14:58:31 Level : INFO / Message : ouverture BDD / Méthode : <init> / Classe : com.michel.dao.DaoConnection
01/03/2024 14:58:44 Level : INFO / Message : fermeture BDD / Méthode : lambda$static$0 / Classe : com.michel.dao.DaoConnection
04/03/2024 09:08:10 Level : INFO / Message : début pg / Méthode : lancerLog / Classe : com.michel.utilitaires.LancerLog
04/03/2024 09:08:10 Level : SEVERE / Message : problème ouverture BDD SQLExceptionCommunications link failure

The last packet sent successfully to the server was 0 milliseconds ago. The driver has not received any packets from the server. com.mysql.cj.jdbc.exceptions.CommunicationsException: Communications link failure

The last packet sent successfully to the server was 0 milliseconds ago. The driver has not received any packets from the server. / Méthode : <init> / Classe : com.michel.dao.DaoConnection
04/03/2024 09:08:25 Level : INFO / Message : début pg / Méthode : lancerLog / Classe : com.michel.utilitaires.LancerLog
04/03/2024 09:08:25 Level : INFO / Message : ouverture BDD / Méthode : <init> / Classe : com.michel.dao.DaoConnection
04/03/2024 09:09:03 Level : INFO / Message : fermeture BDD / Méthode : lambda$static$0 / Classe : com.michel.dao.DaoConnection
04/03/2024 09:09:45 Level : INFO / Message : début pg / Méthode : lancerLog / Classe : com.michel.utilitaires.LancerLog
04/03/2024 09:09:45 Level : INFO / Message : ouverture BDD / Méthode : <init> / Classe : com.michel.dao.DaoConnection
04/03/2024 09:09:59 Level : INFO / Message : fermeture BDD / Méthode : lambda$static$0 / Classe : com.michel.dao.DaoConnection
04/03/2024 09:12:14 Level : INFO / Message : début pg / Méthode : lancerLog / Classe : com.michel.utilitaires.LancerLog
04/03/2024 09:12:15 Level : INFO / Message : ouverture BDD / Méthode : <init> / Classe : com.michel.dao.DaoConnection
04/03/2024 09:12:43 Level : INFO / Message : début pg / Méthode : lancerLog / Classe : com.michel.utilitaires.LancerLog
04/03/2024 09:12:43 Level : INFO / Message : ouverture BDD / Méthode : <init> / Classe : com.michel.dao.DaoConnection
04/03/2024 09:13:11 Level : INFO / Message : début pg / Méthode : lancerLog / Classe : com.michel.utilitaires.LancerLog
04/03/2024 09:13:11 Level : INFO / Message : ouverture BDD / Méthode : <init> / Classe : com.michel.dao.DaoConnection
04/03/2024 09:13:18 Level : INFO / Message : fermeture BDD / Méthode : lambda$static$0 / Classe : com.michel.dao.DaoConnection
04/03/2024 09:13:38 Level : INFO / Message : début pg / Méthode : lancerLog / Classe : com.michel.utilitaires.LancerLog
04/03/2024 09:13:38 Level : INFO / Message : ouverture BDD / Méthode : <init> / Classe : com.michel.dao.DaoConnection
04/03/2024 09:13:55 Level : INFO / Message : début pg / Méthode : lancerLog / Classe : com.michel.utilitaires.LancerLog
04/03/2024 09:13:55 Level : INFO / Message : ouverture BDD / Méthode : <init> / Classe : com.michel.dao.DaoConnection
04/03/2024 09:14:10 Level : INFO / Message : début pg / Méthode : lancerLog / Classe : com.michel.utilitaires.LancerLog
04/03/2024 09:14:10 Level : INFO / Message : ouverture BDD / Méthode : <init> / Classe : com.michel.dao.DaoConnection
04/03/2024 09:14:39 Level : INFO / Message : début pg / Méthode : lancerLog / Classe : com.michel.utilitaires.LancerLog
04/03/2024 09:14:40 Level : INFO / Message : ouverture BDD / Méthode : <init> / Classe : com.michel.dao.DaoConnection
04/03/2024 09:16:55 Level : INFO / Message : début pg / Méthode : lancerLog / Classe : com.michel.utilitaires.LancerLog
04/03/2024 09:16:56 Level : INFO / Message : ouverture BDD / Méthode : <init> / Classe : com.michel.dao.DaoConnection
04/03/2024 09:17:04 Level : INFO / Message : début pg / Méthode : lancerLog / Classe : com.michel.utilitaires.LancerLog
04/03/2024 09:17:04 Level : INFO / Message : ouverture BDD / Méthode : <init> / Classe : com.michel.dao.DaoConnection
04/03/2024 09:21:32 Level : INFO / Message : début pg / Méthode : lancerLog / Classe : com.michel.utilitaires.LancerLog
04/03/2024 09:21:32 Level : INFO / Message : ouverture BDD / Méthode : <init> / Classe : com.michel.dao.DaoConnection
04/03/2024 09:21:38 Level : INFO / Message : fermeture BDD / Méthode : lambda$static$0 / Classe : com.michel.dao.DaoConnection
04/03/2024 09:21:59 Level : INFO / Message : début pg / Méthode : lancerLog / Classe : com.michel.utilitaires.LancerLog
04/03/2024 09:21:59 Level : INFO / Message : ouverture BDD / Méthode : <init> / Classe : com.michel.dao.DaoConnection
04/03/2024 09:22:21 Level : INFO / Message : début pg / Méthode : lancerLog / Classe : com.michel.utilitaires.LancerLog
04/03/2024 09:22:22 Level : INFO / Message : ouverture BDD / Méthode : <init> / Classe : com.michel.dao.DaoConnection
04/03/2024 09:24:39 Level : INFO / Message : début pg / Méthode : lancerLog / Classe : com.michel.utilitaires.LancerLog
04/03/2024 09:24:39 Level : INFO / Message : ouverture BDD / Méthode : <init> / Classe : com.michel.dao.DaoConnection
04/03/2024 09:24:43 Level : INFO / Message : fermeture BDD / Méthode : lambda$static$0 / Classe : com.michel.dao.DaoConnection
04/03/2024 09:35:18 Level : INFO / Message : début pg / Méthode : lancerLog / Classe : com.michel.utilitaires.LancerLog
04/03/2024 09:35:18 Level : INFO / Message : ouverture BDD / Méthode : <init> / Classe : com.michel.dao.DaoConnection
04/03/2024 09:35:22 Level : SEVERE / Message : erreur option dans Vue Formulaire / Méthode : <init> / Classe : com.michel.vues.VueFormulaire
04/03/2024 09:35:22 Level : INFO / Message : fermeture BDD / Méthode : lambda$static$0 / Classe : com.michel.dao.DaoConnection
04/03/2024 09:35:52 Level : INFO / Message : début pg / Méthode : lancerLog / Classe : com.michel.utilitaires.LancerLog
04/03/2024 09:35:52 Level : INFO / Message : ouverture BDD / Méthode : <init> / Classe : com.michel.dao.DaoConnection
04/03/2024 09:36:00 Level : INFO / Message : fermeture BDD / Méthode : lambda$static$0 / Classe : com.michel.dao.DaoConnection
04/03/2024 09:38:56 Level : INFO / Message : début pg / Méthode : lancerLog / Classe : com.michel.utilitaires.LancerLog
04/03/2024 09:38:57 Level : INFO / Message : ouverture BDD / Méthode : <init> / Classe : com.michel.dao.DaoConnection
04/03/2024 09:39:06 Level : INFO / Message : fermeture BDD / Méthode : lambda$static$0 / Classe : com.michel.dao.DaoConnection
04/03/2024 09:40:31 Level : INFO / Message : début pg / Méthode : lancerLog / Classe : com.michel.utilitaires.LancerLog
04/03/2024 09:40:31 Level : INFO / Message : ouverture BDD / Méthode : <init> / Classe : com.michel.dao.DaoConnection
04/03/2024 09:41:13 Level : INFO / Message : début pg / Méthode : lancerLog / Classe : com.michel.utilitaires.LancerLog
04/03/2024 09:41:13 Level : INFO / Message : ouverture BDD / Méthode : <init> / Classe : com.michel.dao.DaoConnection
04/03/2024 09:43:21 Level : INFO / Message : début pg / Méthode : lancerLog / Classe : com.michel.utilitaires.LancerLog
04/03/2024 09:43:21 Level : INFO / Message : ouverture BDD / Méthode : <init> / Classe : com.michel.dao.DaoConnection
04/03/2024 09:43:33 Level : INFO / Message : début pg / Méthode : lancerLog / Classe : com.michel.utilitaires.LancerLog
04/03/2024 09:43:33 Level : INFO / Message : ouverture BDD / Méthode : <init> / Classe : com.michel.dao.DaoConnection
04/03/2024 09:44:47 Level : INFO / Message : début pg / Méthode : lancerLog / Classe : com.michel.utilitaires.LancerLog
04/03/2024 09:44:48 Level : INFO / Message : ouverture BDD / Méthode : <init> / Classe : com.michel.dao.DaoConnection
04/03/2024 09:45:05 Level : INFO / Message : début pg / Méthode : lancerLog / Classe : com.michel.utilitaires.LancerLog
04/03/2024 09:45:06 Level : INFO / Message : ouverture BDD / Méthode : <init> / Classe : com.michel.dao.DaoConnection
04/03/2024 09:46:09 Level : INFO / Message : début pg / Méthode : lancerLog / Classe : com.michel.utilitaires.LancerLog
04/03/2024 09:46:10 Level : INFO / Message : ouverture BDD / Méthode : <init> / Classe : com.michel.dao.DaoConnection
04/03/2024 09:46:19 Level : INFO / Message : début pg / Méthode : lancerLog / Classe : com.michel.utilitaires.LancerLog
04/03/2024 09:46:19 Level : INFO / Message : ouverture BDD / Méthode : <init> / Classe : com.michel.dao.DaoConnection
04/03/2024 09:46:26 Level : INFO / Message : fermeture BDD / Méthode : lambda$static$0 / Classe : com.michel.dao.DaoConnection
04/03/2024 09:54:33 Level : INFO / Message : début pg / Méthode : lancerLog / Classe : com.michel.utilitaires.LancerLog
04/03/2024 09:54:34 Level : INFO / Message : ouverture BDD / Méthode : <init> / Classe : com.michel.dao.DaoConnection
04/03/2024 09:55:20 Level : INFO / Message : début pg / Méthode : lancerLog / Classe : com.michel.utilitaires.LancerLog
04/03/2024 09:55:20 Level : INFO / Message : ouverture BDD / Méthode : <init> / Classe : com.michel.dao.DaoConnection
04/03/2024 09:55:26 Level : INFO / Message : fermeture BDD / Méthode : lambda$static$0 / Classe : com.michel.dao.DaoConnection
04/03/2024 09:55:34 Level : INFO / Message : début pg / Méthode : lancerLog / Classe : com.michel.utilitaires.LancerLog
04/03/2024 09:55:35 Level : INFO / Message : ouverture BDD / Méthode : <init> / Classe : com.michel.dao.DaoConnection
04/03/2024 09:55:42 Level : INFO / Message : fermeture BDD / Méthode : lambda$static$0 / Classe : com.michel.dao.DaoConnection
04/03/2024 09:55:52 Level : INFO / Message : début pg / Méthode : lancerLog / Classe : com.michel.utilitaires.LancerLog
04/03/2024 09:55:53 Level : INFO / Message : ouverture BDD / Méthode : <init> / Classe : com.michel.dao.DaoConnection
04/03/2024 09:56:37 Level : INFO / Message : début pg / Méthode : lancerLog / Classe : com.michel.utilitaires.LancerLog
04/03/2024 09:56:37 Level : INFO / Message : ouverture BDD / Méthode : <init> / Classe : com.michel.dao.DaoConnection
04/03/2024 10:21:52 Level : INFO / Message : début pg / Méthode : lancerLog / Classe : com.michel.utilitaires.LancerLog
04/03/2024 10:21:52 Level : INFO / Message : ouverture BDD / Méthode : <init> / Classe : com.michel.dao.DaoConnection
04/03/2024 10:22:28 Level : INFO / Message : début pg / Méthode : lancerLog / Classe : com.michel.utilitaires.LancerLog
04/03/2024 10:22:28 Level : INFO / Message : ouverture BDD / Méthode : <init> / Classe : com.michel.dao.DaoConnection
04/03/2024 10:22:43 Level : INFO / Message : fermeture BDD / Méthode : lambda$static$0 / Classe : com.michel.dao.DaoConnection
04/03/2024 10:23:40 Level : INFO / Message : début pg / Méthode : lancerLog / Classe : com.michel.utilitaires.LancerLog
04/03/2024 10:23:40 Level : INFO / Message : ouverture BDD / Méthode : <init> / Classe : com.michel.dao.DaoConnection
04/03/2024 10:23:48 Level : INFO / Message : fermeture BDD / Méthode : lambda$static$0 / Classe : com.michel.dao.DaoConnection
04/03/2024 10:24:07 Level : INFO / Message : début pg / Méthode : lancerLog / Classe : com.michel.utilitaires.LancerLog
04/03/2024 10:24:07 Level : INFO / Message : ouverture BDD / Méthode : <init> / Classe : com.michel.dao.DaoConnection
04/03/2024 10:24:14 Level : INFO / Message : fermeture BDD / Méthode : lambda$static$0 / Classe : com.michel.dao.DaoConnection
04/03/2024 10:26:26 Level : INFO / Message : début pg / Méthode : lancerLog / Classe : com.michel.utilitaires.LancerLog
04/03/2024 10:26:26 Level : INFO / Message : ouverture BDD / Méthode : <init> / Classe : com.michel.dao.DaoConnection
04/03/2024 10:26:34 Level : INFO / Message : fermeture BDD / Méthode : lambda$static$0 / Classe : com.michel.dao.DaoConnection
04/03/2024 10:30:01 Level : INFO / Message : début pg / Méthode : lancerLog / Classe : com.michel.utilitaires.LancerLog
04/03/2024 10:30:02 Level : INFO / Message : ouverture BDD / Méthode : <init> / Classe : com.michel.dao.DaoConnection
04/03/2024 10:30:08 Level : INFO / Message : fermeture BDD / Méthode : lambda$static$0 / Classe : com.michel.dao.DaoConnection
04/03/2024 10:30:22 Level : INFO / Message : début pg / Méthode : lancerLog / Classe : com.michel.utilitaires.LancerLog
04/03/2024 10:30:22 Level : INFO / Message : ouverture BDD / Méthode : <init> / Classe : com.michel.dao.DaoConnection
04/03/2024 10:31:45 Level : INFO / Message : début pg / Méthode : lancerLog / Classe : com.michel.utilitaires.LancerLog
04/03/2024 10:31:45 Level : INFO / Message : ouverture BDD / Méthode : <init> / Classe : com.michel.dao.DaoConnection
04/03/2024 10:35:00 Level : INFO / Message : début pg / Méthode : lancerLog / Classe : com.michel.utilitaires.LancerLog
04/03/2024 10:35:01 Level : INFO / Message : ouverture BDD / Méthode : <init> / Classe : com.michel.dao.DaoConnection
04/03/2024 10:36:03 Level : INFO / Message : début pg / Méthode : lancerLog / Classe : com.michel.utilitaires.LancerLog
04/03/2024 10:36:03 Level : INFO / Message : ouverture BDD / Méthode : <init> / Classe : com.michel.dao.DaoConnection
04/03/2024 10:36:09 Level : INFO / Message : fermeture BDD / Méthode : lambda$static$0 / Classe : com.michel.dao.DaoConnection
04/03/2024 10:36:26 Level : INFO / Message : début pg / Méthode : lancerLog / Classe : com.michel.utilitaires.LancerLog
04/03/2024 10:36:27 Level : INFO / Message : ouverture BDD / Méthode : <init> / Classe : com.michel.dao.DaoConnection
04/03/2024 10:36:35 Level : INFO / Message : fermeture BDD / Méthode : lambda$static$0 / Classe : com.michel.dao.DaoConnection
04/03/2024 10:36:45 Level : INFO / Message : début pg / Méthode : lancerLog / Classe : com.michel.utilitaires.LancerLog
04/03/2024 10:36:45 Level : INFO / Message : ouverture BDD / Méthode : <init> / Classe : com.michel.dao.DaoConnection
04/03/2024 10:38:42 Level : INFO / Message : début pg / Méthode : lancerLog / Classe : com.michel.utilitaires.LancerLog
04/03/2024 10:38:42 Level : INFO / Message : ouverture BDD / Méthode : <init> / Classe : com.michel.dao.DaoConnection
04/03/2024 10:47:13 Level : INFO / Message : début pg / Méthode : lancerLog / Classe : com.michel.utilitaires.LancerLog
04/03/2024 10:47:13 Level : INFO / Message : ouverture BDD / Méthode : <init> / Classe : com.michel.dao.DaoConnection
04/03/2024 10:47:32 Level : INFO / Message : fermeture BDD / Méthode : lambda$static$0 / Classe : com.michel.dao.DaoConnection
04/03/2024 10:48:00 Level : INFO / Message : début pg / Méthode : lancerLog / Classe : com.michel.utilitaires.LancerLog
04/03/2024 10:48:00 Level : INFO / Message : ouverture BDD / Méthode : <init> / Classe : com.michel.dao.DaoConnection
04/03/2024 10:48:12 Level : INFO / Message : fermeture BDD / Méthode : lambda$static$0 / Classe : com.michel.dao.DaoConnection
04/03/2024 10:48:18 Level : INFO / Message : début pg / Méthode : lancerLog / Classe : com.michel.utilitaires.LancerLog
04/03/2024 10:48:18 Level : INFO / Message : ouverture BDD / Méthode : <init> / Classe : com.michel.dao.DaoConnection
04/03/2024 10:48:35 Level : INFO / Message : fermeture BDD / Méthode : lambda$static$0 / Classe : com.michel.dao.DaoConnection
04/03/2024 10:57:29 Level : INFO / Message : début pg / Méthode : lancerLog / Classe : com.michel.utilitaires.LancerLog
04/03/2024 10:57:29 Level : INFO / Message : ouverture BDD / Méthode : <init> / Classe : com.michel.dao.DaoConnection
04/03/2024 10:57:38 Level : INFO / Message : fermeture BDD / Méthode : lambda$static$0 / Classe : com.michel.dao.DaoConnection
04/03/2024 11:03:06 Level : INFO / Message : début pg / Méthode : lancerLog / Classe : com.michel.utilitaires.LancerLog
04/03/2024 11:03:06 Level : INFO / Message : ouverture BDD / Méthode : <init> / Classe : com.michel.dao.DaoConnection
04/03/2024 11:03:23 Level : INFO / Message : fermeture BDD / Méthode : lambda$static$0 / Classe : com.michel.dao.DaoConnection
04/03/2024 11:07:49 Level : INFO / Message : début pg / Méthode : lancerLog / Classe : com.michel.utilitaires.LancerLog
04/03/2024 11:07:49 Level : INFO / Message : ouverture BDD / Méthode : <init> / Classe : com.michel.dao.DaoConnection
04/03/2024 11:08:01 Level : INFO / Message : fermeture BDD / Méthode : lambda$static$0 / Classe : com.michel.dao.DaoConnection
04/03/2024 11:08:55 Level : INFO / Message : début pg / Méthode : lancerLog / Classe : com.michel.utilitaires.LancerLog
04/03/2024 11:08:55 Level : INFO / Message : ouverture BDD / Méthode : <init> / Classe : com.michel.dao.DaoConnection
04/03/2024 11:09:04 Level : INFO / Message : fermeture BDD / Méthode : lambda$static$0 / Classe : com.michel.dao.DaoConnection
04/03/2024 11:38:45 Level : INFO / Message : début pg / Méthode : lancerLog / Classe : com.michel.utilitaires.LancerLog
04/03/2024 11:38:45 Level : INFO / Message : ouverture BDD / Méthode : <init> / Classe : com.michel.dao.DaoConnection
04/03/2024 11:38:53 Level : INFO / Message : fermeture BDD / Méthode : lambda$static$0 / Classe : com.michel.dao.DaoConnection
04/03/2024 11:56:24 Level : INFO / Message : début pg / Méthode : lancerLog / Classe : com.michel.utilitaires.LancerLog
04/03/2024 11:56:25 Level : INFO / Message : ouverture BDD / Méthode : <init> / Classe : com.michel.dao.DaoConnection
04/03/2024 13:40:08 Level : INFO / Message : début pg / Méthode : lancerLog / Classe : com.michel.utilitaires.LancerLog
04/03/2024 13:40:08 Level : INFO / Message : ouverture BDD / Méthode : <init> / Classe : com.michel.dao.DaoConnection
04/03/2024 13:43:05 Level : INFO / Message : début pg / Méthode : lancerLog / Classe : com.michel.utilitaires.LancerLog
04/03/2024 13:43:06 Level : INFO / Message : ouverture BDD / Méthode : <init> / Classe : com.michel.dao.DaoConnection
04/03/2024 13:43:55 Level : INFO / Message : début pg / Méthode : lancerLog / Classe : com.michel.utilitaires.LancerLog
04/03/2024 13:43:56 Level : INFO / Message : ouverture BDD / Méthode : <init> / Classe : com.michel.dao.DaoConnection
04/03/2024 14:08:33 Level : INFO / Message : début pg / Méthode : lancerLog / Classe : com.michel.utilitaires.LancerLog
04/03/2024 14:11:39 Level : INFO / Message : début pg / Méthode : lancerLog / Classe : com.michel.utilitaires.LancerLog
04/03/2024 14:15:25 Level : INFO / Message : début pg / Méthode : lancerLog / Classe : com.michel.utilitaires.LancerLog
04/03/2024 14:16:41 Level : INFO / Message : début pg / Méthode : lancerLog / Classe : com.michel.utilitaires.LancerLog
04/03/2024 14:17:44 Level : INFO / Message : début pg / Méthode : lancerLog / Classe : com.michel.utilitaires.LancerLog
04/03/2024 14:18:20 Level : INFO / Message : début pg / Méthode : lancerLog / Classe : com.michel.utilitaires.LancerLog
04/03/2024 14:18:53 Level : INFO / Message : début pg / Méthode : lancerLog / Classe : com.michel.utilitaires.LancerLog
04/03/2024 14:19:58 Level : INFO / Message : début pg / Méthode : lancerLog / Classe : com.michel.utilitaires.LancerLog
04/03/2024 14:20:19 Level : INFO / Message : début pg / Méthode : lancerLog / Classe : com.michel.utilitaires.LancerLog
04/03/2024 14:21:02 Level : INFO / Message : début pg / Méthode : lancerLog / Classe : com.michel.utilitaires.LancerLog
04/03/2024 14:22:19 Level : INFO / Message : début pg / Méthode : lancerLog / Classe : com.michel.utilitaires.LancerLog
04/03/2024 14:23:48 Level : INFO / Message : début pg / Méthode : lancerLog / Classe : com.michel.utilitaires.LancerLog
04/03/2024 14:24:53 Level : INFO / Message : début pg / Méthode : lancerLog / Classe : com.michel.utilitaires.LancerLog
04/03/2024 14:26:42 Level : INFO / Message : début pg / Méthode : lancerLog / Classe : com.michel.utilitaires.LancerLog
04/03/2024 14:27:39 Level : INFO / Message : début pg / Méthode : lancerLog / Classe : com.michel.utilitaires.LancerLog
04/03/2024 14:28:48 Level : INFO / Message : début pg / Méthode : lancerLog / Classe : com.michel.utilitaires.LancerLog
04/03/2024 14:30:54 Level : INFO / Message : début pg / Méthode : lancerLog / Classe : com.michel.utilitaires.LancerLog
04/03/2024 14:32:22 Level : INFO / Message : début pg / Méthode : lancerLog / Classe : com.michel.utilitaires.LancerLog
04/03/2024 14:32:35 Level : INFO / Message : début pg / Méthode : lancerLog / Classe : com.michel.utilitaires.LancerLog
04/03/2024 14:34:39 Level : INFO / Message : début pg / Méthode : lancerLog / Classe : com.michel.utilitaires.LancerLog
04/03/2024 14:43:08 Level : INFO / Message : début pg / Méthode : lancerLog / Classe : com.michel.utilitaires.LancerLog
04/03/2024 14:43:46 Level : INFO / Message : début pg / Méthode : lancerLog / Classe : com.michel.utilitaires.LancerLog
04/03/2024 14:44:19 Level : INFO / Message : début pg / Méthode : lancerLog / Classe : com.michel.utilitaires.LancerLog
04/03/2024 15:16:01 Level : INFO / Message : début pg / Méthode : lancerLog / Classe : com.michel.utilitaires.LancerLog
04/03/2024 15:21:46 Level : INFO / Message : début pg / Méthode : lancerLog / Classe : com.michel.utilitaires.LancerLog
04/03/2024 15:31:20 Level : INFO / Message : début pg / Méthode : lancerLog / Classe : com.michel.utilitaires.LancerLog
04/03/2024 15:31:58 Level : INFO / Message : début pg / Méthode : lancerLog / Classe : com.michel.utilitaires.LancerLog
04/03/2024 15:33:27 Level : INFO / Message : ouverture BDD / Méthode : <init> / Classe : com.michel.dao.DaoConnection
04/03/2024 15:33:27 Level : SEVERE / Message : problème lecture BDDCONSTRAINT `client.CA_CLIENT` failed for `ecf_poo`.`client` java.sql.SQLIntegrityConstraintViolationException: CONSTRAINT `client.CA_CLIENT` failed for `ecf_poo`.`client` / Méthode : createClient / Classe : com.michel.dao.DaoClient
04/03/2024 15:35:59 Level : INFO / Message : début pg / Méthode : lancerLog / Classe : com.michel.utilitaires.LancerLog
04/03/2024 15:36:36 Level : INFO / Message : ouverture BDD / Méthode : <init> / Classe : com.michel.dao.DaoConnection
04/03/2024 15:36:36 Level : SEVERE / Message : problème insertion adresseUnknown column 'TR' in 'where clause' java.sql.SQLSyntaxErrorException: Unknown column 'TR' in 'where clause' / Méthode : creerAdresse / Classe : com.michel.dao.DaoAdresse
04/03/2024 15:39:36 Level : INFO / Message : début pg / Méthode : lancerLog / Classe : com.michel.utilitaires.LancerLog
04/03/2024 15:40:17 Level : INFO / Message : début pg / Méthode : lancerLog / Classe : com.michel.utilitaires.LancerLog
04/03/2024 15:41:19 Level : INFO / Message : ouverture BDD / Méthode : <init> / Classe : com.michel.dao.DaoConnection
04/03/2024 16:13:54 Level : INFO / Message : début pg / Méthode : lancerLog / Classe : com.michel.utilitaires.LancerLog
04/03/2024 16:13:57 Level : INFO / Message : ouverture BDD / Méthode : <init> / Classe : com.michel.dao.DaoConnection
04/03/2024 16:14:06 Level : SEVERE / Message : erreur option dans Vue Formulaire / Méthode : <init> / Classe : com.michel.vues.VueFormulaire
04/03/2024 16:14:06 Level : INFO / Message : fermeture BDD / Méthode : lambda$static$0 / Classe : com.michel.dao.DaoConnection
04/03/2024 16:15:47 Level : INFO / Message : début pg / Méthode : lancerLog / Classe : com.michel.utilitaires.LancerLog
04/03/2024 16:15:50 Level : INFO / Message : ouverture BDD / Méthode : <init> / Classe : com.michel.dao.DaoConnection
04/03/2024 16:16:10 Level : SEVERE / Message : erreur option dans Vue Formulaire / Méthode : <init> / Classe : com.michel.vues.VueFormulaire
04/03/2024 16:16:10 Level : INFO / Message : fermeture BDD / Méthode : lambda$static$0 / Classe : com.michel.dao.DaoConnection
04/03/2024 16:16:43 Level : INFO / Message : début pg / Méthode : lancerLog / Classe : com.michel.utilitaires.LancerLog
04/03/2024 16:16:45 Level : INFO / Message : ouverture BDD / Méthode : <init> / Classe : com.michel.dao.DaoConnection
04/03/2024 16:19:32 Level : INFO / Message : fermeture BDD / Méthode : lambda$static$0 / Classe : com.michel.dao.DaoConnection
04/03/2024 16:19:35 Level : INFO / Message : début pg / Méthode : lancerLog / Classe : com.michel.utilitaires.LancerLog
04/03/2024 16:19:36 Level : INFO / Message : ouverture BDD / Méthode : <init> / Classe : com.michel.dao.DaoConnection
04/03/2024 16:19:55 Level : INFO / Message : début pg / Méthode : lancerLog / Classe : com.michel.utilitaires.LancerLog
04/03/2024 16:19:57 Level : INFO / Message : ouverture BDD / Méthode : <init> / Classe : com.michel.dao.DaoConnection
04/03/2024 16:21:00 Level : INFO / Message : début pg / Méthode : lancerLog / Classe : com.michel.utilitaires.LancerLog
04/03/2024 16:21:02 Level : INFO / Message : ouverture BDD / Méthode : <init> / Classe : com.michel.dao.DaoConnection
04/03/2024 16:22:39 Level : INFO / Message : début pg / Méthode : lancerLog / Classe : com.michel.utilitaires.LancerLog
04/03/2024 16:23:43 Level : INFO / Message : début pg / Méthode : lancerLog / Classe : com.michel.utilitaires.LancerLog
04/03/2024 16:23:45 Level : INFO / Message : ouverture BDD / Méthode : <init> / Classe : com.michel.dao.DaoConnection
04/03/2024 16:46:28 Level : INFO / Message : début pg / Méthode : lancerLog / Classe : com.michel.utilitaires.LancerLog
04/03/2024 16:46:30 Level : INFO / Message : ouverture BDD / Méthode : <init> / Classe : com.michel.dao.DaoConnection
04/03/2024 16:46:47 Level : INFO / Message : fermeture BDD / Méthode : lambda$static$0 / Classe : com.michel.dao.DaoConnection
04/03/2024 16:48:06 Level : INFO / Message : début pg / Méthode : lancerLog / Classe : com.michel.utilitaires.LancerLog
04/03/2024 16:48:08 Level : INFO / Message : ouverture BDD / Méthode : <init> / Classe : com.michel.dao.DaoConnection
04/03/2024 16:48:33 Level : INFO / Message : fermeture BDD / Méthode : lambda$static$0 / Classe : com.michel.dao.DaoConnection
04/03/2024 16:49:40 Level : INFO / Message : début pg / Méthode : lancerLog / Classe : com.michel.utilitaires.LancerLog
04/03/2024 16:49:43 Level : INFO / Message : ouverture BDD / Méthode : <init> / Classe : com.michel.dao.DaoConnection
04/03/2024 16:50:20 Level : INFO / Message : début pg / Méthode : lancerLog / Classe : com.michel.utilitaires.LancerLog
04/03/2024 16:50:24 Level : INFO / Message : ouverture BDD / Méthode : <init> / Classe : com.michel.dao.DaoConnection
04/03/2024 16:50:29 Level : INFO / Message : fermeture BDD / Méthode : lambda$static$0 / Classe : com.michel.dao.DaoConnection
04/03/2024 16:51:22 Level : INFO / Message : début pg / Méthode : lancerLog / Classe : com.michel.utilitaires.LancerLog
04/03/2024 16:51:25 Level : INFO / Message : ouverture BDD / Méthode : <init> / Classe : com.michel.dao.DaoConnection
04/03/2024 16:57:48 Level : INFO / Message : début pg / Méthode : lancerLog / Classe : com.michel.utilitaires.LancerLog
04/03/2024 16:57:53 Level : INFO / Message : ouverture BDD / Méthode : <init> / Classe : com.michel.dao.DaoConnection
04/03/2024 16:59:34 Level : INFO / Message : début pg / Méthode : lancerLog / Classe : com.michel.utilitaires.LancerLog
04/03/2024 16:59:36 Level : INFO / Message : ouverture BDD / Méthode : <init> / Classe : com.michel.dao.DaoConnection
04/03/2024 16:59:48 Level : INFO / Message : fermeture BDD / Méthode : lambda$static$0 / Classe : com.michel.dao.DaoConnection
